14:47:42.869 [TestNG-test=Test-1] INFO  testCases.TC_001_AccountRegistration - Launching applicaton
14:47:44.883 [TestNG-test=Test-2] INFO  testCases.TC_002_Login - Home page Displayed
14:47:45.003 [TestNG-test=Test-1] INFO  testCases.TC_001_AccountRegistration - Clicking on MyInfo-->Registration link
14:47:45.784 [TestNG-test=Test-2] INFO  testCases.TC_002_Login - Clicked on My Account
14:47:46.407 [TestNG-test=Test-1] INFO  testCases.TC_001_AccountRegistration - Providing customer details
14:47:46.550 [TestNG-test=Test-2] INFO  testCases.TC_002_Login - Clicked on Login submenu
14:47:46.684 [TestNG-test=Test-1] INFO  testCases.TC_001_AccountRegistration - Provided firstname
14:47:46.833 [TestNG-test=Test-2] INFO  testCases.TC_002_Login - Provided email
14:47:46.992 [TestNG-test=Test-1] INFO  testCases.TC_001_AccountRegistration - Provided lastname
14:47:47.017 [TestNG-test=Test-2] INFO  testCases.TC_002_Login - Provided password
14:47:47.382 [TestNG-test=Test-1] INFO  testCases.TC_001_AccountRegistration - Provided email
14:47:47.444 [TestNG-test=Test-3] INFO  testCases.TC_003_LoginDDT - Home page Displayed
14:47:47.595 [TestNG-test=Test-1] INFO  testCases.TC_001_AccountRegistration - Provided phone no
14:47:47.945 [TestNG-test=Test-1] INFO  testCases.TC_001_AccountRegistration - Provided password
14:47:47.981 [TestNG-test=Test-3] INFO  testCases.TC_003_LoginDDT - Clicked on My Account menu
14:47:48.074 [TestNG-test=Test-2] INFO  testCases.TC_002_Login - Clicked on Login button
14:47:48.177 [TestNG-test=Test-1] INFO  testCases.TC_001_AccountRegistration - provided confirm password
14:47:48.215 [TestNG-test=Test-2] INFO  testCases.TC_002_Login - Login Success
14:47:48.361 [TestNG-test=Test-1] INFO  testCases.TC_001_AccountRegistration - clicked on policy
14:47:48.720 [TestNG-test=Test-3] INFO  testCases.TC_003_LoginDDT - Clicked on Login submenu
14:47:48.926 [TestNG-test=Test-3] INFO  testCases.TC_003_LoginDDT - Provided email
14:47:49.055 [TestNG-test=Test-3] INFO  testCases.TC_003_LoginDDT - Provided password
14:47:49.603 [TestNG-test=Test-3] INFO  testCases.TC_003_LoginDDT - Clicked Login button
14:47:49.683 [TestNG-test=Test-3] INFO  testCases.TC_003_LoginDDT - Login success..
14:47:50.609 [TestNG-test=Test-3] INFO  testCases.TC_003_LoginDDT - Home page Displayed
14:47:50.737 [TestNG-test=Test-3] INFO  testCases.TC_003_LoginDDT - Clicked on My Account menu
14:47:51.168 [TestNG-test=Test-3] INFO  testCases.TC_003_LoginDDT - Clicked on Login submenu
14:47:51.362 [TestNG-test=Test-3] INFO  testCases.TC_003_LoginDDT - Provided email
14:47:51.364 [TestNG-test=Test-1] INFO  testCases.TC_001_AccountRegistration - clicked on continue button
14:47:51.434 [TestNG-test=Test-1] INFO  testCases.TC_001_AccountRegistration - Validation started...
14:47:51.440 [TestNG-test=Test-1] INFO  testCases.TC_001_AccountRegistration - Registration passed ...
14:47:51.556 [TestNG-test=Test-3] INFO  testCases.TC_003_LoginDDT - Provided password
14:47:52.016 [TestNG-test=Test-3] INFO  testCases.TC_003_LoginDDT - Clicked Login button
14:48:02.063 [TestNG-test=Test-3] ERROR testCases.TC_003_LoginDDT - Login failed...
14:48:02.384 [TestNG-test=Test-3] INFO  testCases.TC_003_LoginDDT - Home page Displayed
14:48:02.481 [TestNG-test=Test-3] INFO  testCases.TC_003_LoginDDT - Clicked on My Account menu
14:48:02.894 [TestNG-test=Test-3] INFO  testCases.TC_003_LoginDDT - Clicked on Login submenu
14:48:03.026 [TestNG-test=Test-3] INFO  testCases.TC_003_LoginDDT - Provided email
14:48:03.145 [TestNG-test=Test-3] INFO  testCases.TC_003_LoginDDT - Provided password
14:48:03.482 [TestNG-test=Test-3] INFO  testCases.TC_003_LoginDDT - Clicked Login button
14:48:13.536 [TestNG-test=Test-3] ERROR testCases.TC_003_LoginDDT - Login failed...
14:48:13.870 [TestNG-test=Test-3] INFO  testCases.TC_003_LoginDDT - Home page Displayed
14:48:13.965 [TestNG-test=Test-3] INFO  testCases.TC_003_LoginDDT - Clicked on My Account menu
14:48:14.354 [TestNG-test=Test-3] INFO  testCases.TC_003_LoginDDT - Clicked on Login submenu
14:48:14.492 [TestNG-test=Test-3] INFO  testCases.TC_003_LoginDDT - Provided email
14:48:14.613 [TestNG-test=Test-3] INFO  testCases.TC_003_LoginDDT - Provided password
14:48:15.038 [TestNG-test=Test-3] INFO  testCases.TC_003_LoginDDT - Clicked Login button
14:48:25.085 [TestNG-test=Test-3] ERROR testCases.TC_003_LoginDDT - Login failed...
15:39:12.499 [TestNG-test=Test-1] INFO  testCases.TC_001_AccountRegistration - Starting TC_001_AccountRegistration
15:39:12.499 [TestNG-test=Test-2] INFO  testCases.TC_002_Login - Starting TC_002_Login
15:39:12.509 [TestNG-test=Test-1] INFO  testCases.TC_001_AccountRegistration - Launching applicaton
15:39:13.841 [TestNG-test=Test-2] INFO  testCases.TC_002_Login - Home page Displayed
15:39:14.034 [TestNG-test=Test-1] INFO  testCases.TC_001_AccountRegistration - Clicking on MyInfo-->Registration link
15:39:14.606 [TestNG-test=Test-2] INFO  testCases.TC_002_Login - Clicked on My Account
15:39:15.634 [TestNG-test=Test-2] INFO  testCases.TC_002_Login - Clicked on Login submenu
15:39:15.806 [TestNG-test=Test-1] INFO  testCases.TC_001_AccountRegistration - Providing customer details
15:39:16.101 [TestNG-test=Test-2] INFO  testCases.TC_002_Login - Provided email
15:39:16.150 [TestNG-test=Test-1] INFO  testCases.TC_001_AccountRegistration - Provided firstname
15:39:16.482 [TestNG-test=Test-2] INFO  testCases.TC_002_Login - Provided password
15:39:16.503 [TestNG-test=Test-1] INFO  testCases.TC_001_AccountRegistration - Provided lastname
15:39:16.822 [TestNG-test=Test-1] INFO  testCases.TC_001_AccountRegistration - Provided email
15:39:17.134 [TestNG-test=Test-1] INFO  testCases.TC_001_AccountRegistration - Provided phone no
15:39:17.438 [TestNG-test=Test-1] INFO  testCases.TC_001_AccountRegistration - Provided password
15:39:17.446 [TestNG-test=Test-2] INFO  testCases.TC_002_Login - Clicked on Login button
15:39:17.550 [TestNG-test=Test-2] INFO  testCases.TC_002_Login - Login Success
15:39:17.670 [TestNG-test=Test-1] INFO  testCases.TC_001_AccountRegistration - provided confirm password
15:39:17.694 [TestNG-test=Test-3] INFO  testCases.TC_003_LoginDDT - Home page Displayed
15:39:17.830 [TestNG-test=Test-1] INFO  testCases.TC_001_AccountRegistration - clicked on policy
15:39:18.246 [TestNG-test=Test-3] INFO  testCases.TC_003_LoginDDT - Clicked on My Account menu
15:39:18.791 [TestNG-test=Test-3] INFO  testCases.TC_003_LoginDDT - Clicked on Login submenu
15:39:18.943 [TestNG-test=Test-3] INFO  testCases.TC_003_LoginDDT - Provided email
15:39:19.063 [TestNG-test=Test-3] INFO  testCases.TC_003_LoginDDT - Provided password
15:39:19.559 [TestNG-test=Test-3] INFO  testCases.TC_003_LoginDDT - Clicked Login button
15:39:19.631 [TestNG-test=Test-3] INFO  testCases.TC_003_LoginDDT - Login success..
15:39:20.472 [TestNG-test=Test-3] INFO  testCases.TC_003_LoginDDT - Home page Displayed
15:39:20.560 [TestNG-test=Test-3] INFO  testCases.TC_003_LoginDDT - Clicked on My Account menu
15:39:21.040 [TestNG-test=Test-3] INFO  testCases.TC_003_LoginDDT - Clicked on Login submenu
15:39:21.081 [TestNG-test=Test-1] INFO  testCases.TC_001_AccountRegistration - clicked on continue button
15:39:21.145 [TestNG-test=Test-1] INFO  testCases.TC_001_AccountRegistration - Validation started...
15:39:21.145 [TestNG-test=Test-1] INFO  testCases.TC_001_AccountRegistration - Registration passed ...
15:39:21.291 [TestNG-test=Test-3] INFO  testCases.TC_003_LoginDDT - Provided email
15:39:21.419 [TestNG-test=Test-3] INFO  testCases.TC_003_LoginDDT - Provided password
15:39:21.773 [TestNG-test=Test-3] INFO  testCases.TC_003_LoginDDT - Clicked Login button
15:39:31.851 [TestNG-test=Test-3] ERROR testCases.TC_003_LoginDDT - Login failed...
15:39:32.450 [TestNG-test=Test-3] INFO  testCases.TC_003_LoginDDT - Home page Displayed
15:39:32.553 [TestNG-test=Test-3] INFO  testCases.TC_003_LoginDDT - Clicked on My Account menu
15:39:32.932 [TestNG-test=Test-3] INFO  testCases.TC_003_LoginDDT - Clicked on Login submenu
15:39:33.049 [TestNG-test=Test-3] INFO  testCases.TC_003_LoginDDT - Provided email
15:39:33.255 [TestNG-test=Test-3] INFO  testCases.TC_003_LoginDDT - Provided password
15:39:33.637 [TestNG-test=Test-3] INFO  testCases.TC_003_LoginDDT - Clicked Login button
15:39:43.687 [TestNG-test=Test-3] ERROR testCases.TC_003_LoginDDT - Login failed...
15:39:43.927 [TestNG-test=Test-3] INFO  testCases.TC_003_LoginDDT - Home page Displayed
15:39:43.989 [TestNG-test=Test-3] INFO  testCases.TC_003_LoginDDT - Clicked on My Account menu
15:39:44.217 [TestNG-test=Test-3] INFO  testCases.TC_003_LoginDDT - Clicked on Login submenu
15:39:44.291 [TestNG-test=Test-3] INFO  testCases.TC_003_LoginDDT - Provided email
15:39:44.349 [TestNG-test=Test-3] INFO  testCases.TC_003_LoginDDT - Provided password
15:39:44.555 [TestNG-test=Test-3] INFO  testCases.TC_003_LoginDDT - Clicked Login button
15:39:54.570 [TestNG-test=Test-3] ERROR testCases.TC_003_LoginDDT - Login failed...
15:40:15.464 [TestNG-test=Test-2] INFO  testCases.TC_002_Login - Starting TC_002_Login
15:40:15.464 [TestNG-test=Test-1] INFO  testCases.TC_001_AccountRegistration - Starting TC_001_AccountRegistration
15:40:15.473 [TestNG-test=Test-1] INFO  testCases.TC_001_AccountRegistration - Launching applicaton
15:40:16.467 [TestNG-test=Test-2] INFO  testCases.TC_002_Login - Home page Displayed
15:40:16.899 [TestNG-test=Test-1] INFO  testCases.TC_001_AccountRegistration - Clicking on MyInfo-->Registration link
15:40:17.005 [TestNG-test=Test-2] INFO  testCases.TC_002_Login - Clicked on My Account
15:40:17.606 [TestNG-test=Test-2] INFO  testCases.TC_002_Login - Clicked on Login submenu
15:40:17.856 [TestNG-test=Test-1] INFO  testCases.TC_001_AccountRegistration - Providing customer details
15:40:17.879 [TestNG-test=Test-2] INFO  testCases.TC_002_Login - Provided email
15:40:18.041 [TestNG-test=Test-2] INFO  testCases.TC_002_Login - Provided password
15:40:18.063 [TestNG-test=Test-1] INFO  testCases.TC_001_AccountRegistration - Provided firstname
15:40:18.274 [TestNG-test=Test-1] INFO  testCases.TC_001_AccountRegistration - Provided lastname
15:40:18.284 [TestNG-test=Test-3] INFO  testCases.TC_003_LoginDDT - Home page Displayed
15:40:18.419 [TestNG-test=Test-1] INFO  testCases.TC_001_AccountRegistration - Provided email
15:40:18.550 [TestNG-test=Test-1] INFO  testCases.TC_001_AccountRegistration - Provided phone no
15:40:18.639 [TestNG-test=Test-3] INFO  testCases.TC_003_LoginDDT - Clicked on My Account menu
15:40:18.668 [TestNG-test=Test-2] INFO  testCases.TC_002_Login - Clicked on Login button
15:40:18.671 [TestNG-test=Test-1] INFO  testCases.TC_001_AccountRegistration - Provided password
15:40:18.756 [TestNG-test=Test-2] INFO  testCases.TC_002_Login - Login Success
15:40:18.781 [TestNG-test=Test-1] INFO  testCases.TC_001_AccountRegistration - provided confirm password
15:40:18.885 [TestNG-test=Test-1] INFO  testCases.TC_001_AccountRegistration - clicked on policy
15:40:19.084 [TestNG-test=Test-3] INFO  testCases.TC_003_LoginDDT - Clicked on Login submenu
15:40:19.191 [TestNG-test=Test-3] INFO  testCases.TC_003_LoginDDT - Provided email
15:40:19.272 [TestNG-test=Test-3] INFO  testCases.TC_003_LoginDDT - Provided password
15:40:19.608 [TestNG-test=Test-3] INFO  testCases.TC_003_LoginDDT - Clicked Login button
15:40:19.651 [TestNG-test=Test-3] INFO  testCases.TC_003_LoginDDT - Login success..
15:40:20.252 [TestNG-test=Test-3] INFO  testCases.TC_003_LoginDDT - Home page Displayed
15:40:20.332 [TestNG-test=Test-3] INFO  testCases.TC_003_LoginDDT - Clicked on My Account menu
15:40:20.600 [TestNG-test=Test-3] INFO  testCases.TC_003_LoginDDT - Clicked on Login submenu
15:40:20.692 [TestNG-test=Test-3] INFO  testCases.TC_003_LoginDDT - Provided email
15:40:20.767 [TestNG-test=Test-3] INFO  testCases.TC_003_LoginDDT - Provided password
15:40:21.032 [TestNG-test=Test-3] INFO  testCases.TC_003_LoginDDT - Clicked Login button
15:40:21.731 [TestNG-test=Test-1] INFO  testCases.TC_001_AccountRegistration - clicked on continue button
15:40:21.772 [TestNG-test=Test-1] INFO  testCases.TC_001_AccountRegistration - Validation started...
15:40:21.772 [TestNG-test=Test-1] INFO  testCases.TC_001_AccountRegistration - Registration passed ...
15:40:31.084 [TestNG-test=Test-3] ERROR testCases.TC_003_LoginDDT - Login failed...
15:40:31.361 [TestNG-test=Test-3] INFO  testCases.TC_003_LoginDDT - Home page Displayed
15:40:31.418 [TestNG-test=Test-3] INFO  testCases.TC_003_LoginDDT - Clicked on My Account menu
15:40:31.700 [TestNG-test=Test-3] INFO  testCases.TC_003_LoginDDT - Clicked on Login submenu
15:40:31.765 [TestNG-test=Test-3] INFO  testCases.TC_003_LoginDDT - Provided email
15:40:31.815 [TestNG-test=Test-3] INFO  testCases.TC_003_LoginDDT - Provided password
15:40:32.056 [TestNG-test=Test-3] INFO  testCases.TC_003_LoginDDT - Clicked Login button
15:40:42.081 [TestNG-test=Test-3] ERROR testCases.TC_003_LoginDDT - Login failed...
15:40:42.322 [TestNG-test=Test-3] INFO  testCases.TC_003_LoginDDT - Home page Displayed
15:40:42.377 [TestNG-test=Test-3] INFO  testCases.TC_003_LoginDDT - Clicked on My Account menu
15:40:42.620 [TestNG-test=Test-3] INFO  testCases.TC_003_LoginDDT - Clicked on Login submenu
15:40:42.702 [TestNG-test=Test-3] INFO  testCases.TC_003_LoginDDT - Provided email
15:40:42.766 [TestNG-test=Test-3] INFO  testCases.TC_003_LoginDDT - Provided password
15:40:42.988 [TestNG-test=Test-3] INFO  testCases.TC_003_LoginDDT - Clicked Login button
15:40:53.014 [TestNG-test=Test-3] ERROR testCases.TC_003_LoginDDT - Login failed...
15:58:32.402 [TestNG-test=Test-1] INFO  testCases.TC_001_AccountRegistration - Starting TC_001_AccountRegistration
15:58:32.407 [TestNG-test=Test-1] INFO  testCases.TC_001_AccountRegistration - Launching applicaton
15:58:32.408 [TestNG-test=Test-2] INFO  testCases.TC_002_Login - Starting TC_002_Login
15:58:33.756 [TestNG-test=Test-2] INFO  testCases.TC_002_Login - Home page Displayed
15:58:34.373 [TestNG-test=Test-1] INFO  testCases.TC_001_AccountRegistration - Clicking on MyInfo-->Registration link
15:58:34.398 [TestNG-test=Test-2] INFO  testCases.TC_002_Login - Clicked on My Account
15:58:35.216 [TestNG-test=Test-2] INFO  testCases.TC_002_Login - Clicked on Login submenu
15:58:35.508 [TestNG-test=Test-1] INFO  testCases.TC_001_AccountRegistration - Providing customer details
15:58:35.541 [TestNG-test=Test-2] INFO  testCases.TC_002_Login - Provided email
15:58:35.678 [TestNG-test=Test-2] INFO  testCases.TC_002_Login - Provided password
15:58:35.714 [TestNG-test=Test-1] INFO  testCases.TC_001_AccountRegistration - Provided firstname
15:58:35.825 [TestNG-test=Test-3] INFO  testCases.TC_003_LoginDDT - Home page Displayed
15:58:35.899 [TestNG-test=Test-1] INFO  testCases.TC_001_AccountRegistration - Provided lastname
15:58:36.112 [TestNG-test=Test-1] INFO  testCases.TC_001_AccountRegistration - Provided email
15:58:36.200 [TestNG-test=Test-3] INFO  testCases.TC_003_LoginDDT - Clicked on My Account menu
15:58:36.284 [TestNG-test=Test-2] INFO  testCases.TC_002_Login - Clicked on Login button
15:58:36.392 [TestNG-test=Test-2] INFO  testCases.TC_002_Login - Login Success
15:58:36.456 [TestNG-test=Test-1] INFO  testCases.TC_001_AccountRegistration - Provided phone no
15:58:36.622 [TestNG-test=Test-1] INFO  testCases.TC_001_AccountRegistration - Provided password
15:58:36.777 [TestNG-test=Test-1] INFO  testCases.TC_001_AccountRegistration - provided confirm password
15:58:36.779 [TestNG-test=Test-3] INFO  testCases.TC_003_LoginDDT - Clicked on Login submenu
15:58:36.881 [TestNG-test=Test-1] INFO  testCases.TC_001_AccountRegistration - clicked on policy
15:58:36.938 [TestNG-test=Test-3] INFO  testCases.TC_003_LoginDDT - Provided email
15:58:37.048 [TestNG-test=Test-3] INFO  testCases.TC_003_LoginDDT - Provided password
15:58:37.403 [TestNG-test=Test-3] INFO  testCases.TC_003_LoginDDT - Clicked Login button
15:58:37.444 [TestNG-test=Test-3] INFO  testCases.TC_003_LoginDDT - Login success..
15:58:38.027 [TestNG-test=Test-3] INFO  testCases.TC_003_LoginDDT - Home page Displayed
15:58:38.089 [TestNG-test=Test-3] INFO  testCases.TC_003_LoginDDT - Clicked on My Account menu
15:58:38.378 [TestNG-test=Test-3] INFO  testCases.TC_003_LoginDDT - Clicked on Login submenu
15:58:38.471 [TestNG-test=Test-3] INFO  testCases.TC_003_LoginDDT - Provided email
15:58:38.536 [TestNG-test=Test-3] INFO  testCases.TC_003_LoginDDT - Provided password
15:58:38.817 [TestNG-test=Test-3] INFO  testCases.TC_003_LoginDDT - Clicked Login button
15:58:39.613 [TestNG-test=Test-1] INFO  testCases.TC_001_AccountRegistration - clicked on continue button
15:58:39.652 [TestNG-test=Test-1] INFO  testCases.TC_001_AccountRegistration - Validation started...
15:58:39.652 [TestNG-test=Test-1] INFO  testCases.TC_001_AccountRegistration - Registration passed ...
15:58:48.894 [TestNG-test=Test-3] ERROR testCases.TC_003_LoginDDT - Login failed...
15:58:49.105 [TestNG-test=Test-3] INFO  testCases.TC_003_LoginDDT - Home page Displayed
15:58:49.158 [TestNG-test=Test-3] INFO  testCases.TC_003_LoginDDT - Clicked on My Account menu
15:58:49.392 [TestNG-test=Test-3] INFO  testCases.TC_003_LoginDDT - Clicked on Login submenu
15:58:49.462 [TestNG-test=Test-3] INFO  testCases.TC_003_LoginDDT - Provided email
15:58:49.512 [TestNG-test=Test-3] INFO  testCases.TC_003_LoginDDT - Provided password
15:58:49.706 [TestNG-test=Test-3] INFO  testCases.TC_003_LoginDDT - Clicked Login button
15:58:59.744 [TestNG-test=Test-3] ERROR testCases.TC_003_LoginDDT - Login failed...
15:58:59.997 [TestNG-test=Test-3] INFO  testCases.TC_003_LoginDDT - Home page Displayed
15:59:00.052 [TestNG-test=Test-3] INFO  testCases.TC_003_LoginDDT - Clicked on My Account menu
15:59:00.317 [TestNG-test=Test-3] INFO  testCases.TC_003_LoginDDT - Clicked on Login submenu
15:59:00.394 [TestNG-test=Test-3] INFO  testCases.TC_003_LoginDDT - Provided email
15:59:00.460 [TestNG-test=Test-3] INFO  testCases.TC_003_LoginDDT - Provided password
15:59:00.705 [TestNG-test=Test-3] INFO  testCases.TC_003_LoginDDT - Clicked Login button
15:59:10.768 [TestNG-test=Test-3] ERROR testCases.TC_003_LoginDDT - Login failed...
16:06:57.936 [TestNG-test=Test-2] INFO  testCases.TC_002_Login - Starting TC_002_Login
16:06:57.936 [TestNG-test=Test-1] INFO  testCases.TC_001_AccountRegistration - Starting TC_001_AccountRegistration
16:06:57.939 [TestNG-test=Test-1] INFO  testCases.TC_001_AccountRegistration - Launching applicaton
16:06:58.885 [TestNG-test=Test-2] INFO  testCases.TC_002_Login - Home page Displayed
16:06:59.418 [TestNG-test=Test-2] INFO  testCases.TC_002_Login - Clicked on My Account
16:06:59.428 [TestNG-test=Test-1] INFO  testCases.TC_001_AccountRegistration - Clicking on MyInfo-->Registration link
16:06:59.908 [TestNG-test=Test-2] INFO  testCases.TC_002_Login - Clicked on Login submenu
16:07:00.186 [TestNG-test=Test-2] INFO  testCases.TC_002_Login - Provided email
16:07:00.329 [TestNG-test=Test-2] INFO  testCases.TC_002_Login - Provided password
16:07:00.653 [TestNG-test=Test-1] INFO  testCases.TC_001_AccountRegistration - Providing customer details
16:07:00.817 [TestNG-test=Test-2] INFO  testCases.TC_002_Login - Clicked on Login button
16:07:00.845 [TestNG-test=Test-3] INFO  testCases.TC_003_LoginDDT - Home page Displayed
16:07:00.916 [TestNG-test=Test-2] INFO  testCases.TC_002_Login - Login Success
16:07:00.982 [TestNG-test=Test-1] INFO  testCases.TC_001_AccountRegistration - Provided firstname
16:07:01.153 [TestNG-test=Test-1] INFO  testCases.TC_001_AccountRegistration - Provided lastname
16:07:01.186 [TestNG-test=Test-3] INFO  testCases.TC_003_LoginDDT - Clicked on My Account menu
16:07:01.353 [TestNG-test=Test-1] INFO  testCases.TC_001_AccountRegistration - Provided email
16:07:01.471 [TestNG-test=Test-1] INFO  testCases.TC_001_AccountRegistration - Provided phone no
16:07:01.576 [TestNG-test=Test-1] INFO  testCases.TC_001_AccountRegistration - Provided password
16:07:01.611 [TestNG-test=Test-3] INFO  testCases.TC_003_LoginDDT - Clicked on Login submenu
16:07:01.663 [TestNG-test=Test-1] INFO  testCases.TC_001_AccountRegistration - provided confirm password
16:07:01.726 [TestNG-test=Test-3] INFO  testCases.TC_003_LoginDDT - Provided email
16:07:01.735 [TestNG-test=Test-1] INFO  testCases.TC_001_AccountRegistration - clicked on policy
16:07:01.804 [TestNG-test=Test-3] INFO  testCases.TC_003_LoginDDT - Provided password
16:07:02.144 [TestNG-test=Test-3] INFO  testCases.TC_003_LoginDDT - Clicked Login button
16:07:02.182 [TestNG-test=Test-3] INFO  testCases.TC_003_LoginDDT - Login success..
16:07:02.778 [TestNG-test=Test-3] INFO  testCases.TC_003_LoginDDT - Home page Displayed
16:07:02.831 [TestNG-test=Test-3] INFO  testCases.TC_003_LoginDDT - Clicked on My Account menu
16:07:03.091 [TestNG-test=Test-3] INFO  testCases.TC_003_LoginDDT - Clicked on Login submenu
16:07:03.164 [TestNG-test=Test-3] INFO  testCases.TC_003_LoginDDT - Provided email
16:07:03.223 [TestNG-test=Test-3] INFO  testCases.TC_003_LoginDDT - Provided password
16:07:03.447 [TestNG-test=Test-3] INFO  testCases.TC_003_LoginDDT - Clicked Login button
16:07:04.211 [TestNG-test=Test-1] INFO  testCases.TC_001_AccountRegistration - clicked on continue button
16:07:04.246 [TestNG-test=Test-1] INFO  testCases.TC_001_AccountRegistration - Validation started...
16:07:04.246 [TestNG-test=Test-1] INFO  testCases.TC_001_AccountRegistration - Registration passed ...
16:07:13.474 [TestNG-test=Test-3] ERROR testCases.TC_003_LoginDDT - Login failed...
16:07:13.724 [TestNG-test=Test-3] INFO  testCases.TC_003_LoginDDT - Home page Displayed
16:07:13.782 [TestNG-test=Test-3] INFO  testCases.TC_003_LoginDDT - Clicked on My Account menu
16:07:14.014 [TestNG-test=Test-3] INFO  testCases.TC_003_LoginDDT - Clicked on Login submenu
16:07:14.084 [TestNG-test=Test-3] INFO  testCases.TC_003_LoginDDT - Provided email
16:07:14.146 [TestNG-test=Test-3] INFO  testCases.TC_003_LoginDDT - Provided password
16:07:14.390 [TestNG-test=Test-3] INFO  testCases.TC_003_LoginDDT - Clicked Login button
16:07:24.462 [TestNG-test=Test-3] ERROR testCases.TC_003_LoginDDT - Login failed...
16:07:24.682 [TestNG-test=Test-3] INFO  testCases.TC_003_LoginDDT - Home page Displayed
16:07:24.728 [TestNG-test=Test-3] INFO  testCases.TC_003_LoginDDT - Clicked on My Account menu
16:07:24.950 [TestNG-test=Test-3] INFO  testCases.TC_003_LoginDDT - Clicked on Login submenu
16:07:25.022 [TestNG-test=Test-3] INFO  testCases.TC_003_LoginDDT - Provided email
16:07:25.088 [TestNG-test=Test-3] INFO  testCases.TC_003_LoginDDT - Provided password
16:07:25.318 [TestNG-test=Test-3] INFO  testCases.TC_003_LoginDDT - Clicked Login button
16:07:35.388 [TestNG-test=Test-3] ERROR testCases.TC_003_LoginDDT - Login failed...
16:15:33.921 [TestNG-test=Test-1] INFO  testCases.TC_001_AccountRegistration - Starting TC_001_AccountRegistration
16:15:33.925 [TestNG-test=Test-1] INFO  testCases.TC_001_AccountRegistration - Launching applicaton
16:15:33.935 [TestNG-test=Test-2] INFO  testCases.TC_002_Login - Starting TC_002_Login
16:15:34.864 [TestNG-test=Test-2] INFO  testCases.TC_002_Login - Home page Displayed
16:15:35.171 [TestNG-test=Test-1] INFO  testCases.TC_001_AccountRegistration - Clicking on MyInfo-->Registration link
16:15:35.428 [TestNG-test=Test-2] INFO  testCases.TC_002_Login - Clicked on My Account
16:15:35.874 [TestNG-test=Test-1] INFO  testCases.TC_001_AccountRegistration - Providing customer details
16:15:35.875 [TestNG-test=Test-2] INFO  testCases.TC_002_Login - Clicked on Login submenu
16:15:35.981 [TestNG-test=Test-1] INFO  testCases.TC_001_AccountRegistration - Provided firstname
16:15:36.104 [TestNG-test=Test-1] INFO  testCases.TC_001_AccountRegistration - Provided lastname
16:15:36.111 [TestNG-test=Test-2] INFO  testCases.TC_002_Login - Provided email
16:15:36.227 [TestNG-test=Test-1] INFO  testCases.TC_001_AccountRegistration - Provided email
16:15:36.255 [TestNG-test=Test-2] INFO  testCases.TC_002_Login - Provided password
16:15:36.327 [TestNG-test=Test-1] INFO  testCases.TC_001_AccountRegistration - Provided phone no
16:15:36.328 [TestNG-test=Test-3] INFO  testCases.TC_003_LoginDDT - Home page Displayed
16:15:36.448 [TestNG-test=Test-1] INFO  testCases.TC_001_AccountRegistration - Provided password
16:15:36.575 [TestNG-test=Test-1] INFO  testCases.TC_001_AccountRegistration - provided confirm password
16:15:36.665 [TestNG-test=Test-3] INFO  testCases.TC_003_LoginDDT - Clicked on My Account menu
16:15:36.671 [TestNG-test=Test-1] INFO  testCases.TC_001_AccountRegistration - clicked on policy
16:15:36.808 [TestNG-test=Test-2] INFO  testCases.TC_002_Login - Clicked on Login button
16:15:36.886 [TestNG-test=Test-2] INFO  testCases.TC_002_Login - Login Success
16:15:37.097 [TestNG-test=Test-3] INFO  testCases.TC_003_LoginDDT - Clicked on Login submenu
16:15:37.194 [TestNG-test=Test-3] INFO  testCases.TC_003_LoginDDT - Provided email
16:15:37.263 [TestNG-test=Test-3] INFO  testCases.TC_003_LoginDDT - Provided password
16:15:37.586 [TestNG-test=Test-3] INFO  testCases.TC_003_LoginDDT - Clicked Login button
16:15:37.624 [TestNG-test=Test-3] INFO  testCases.TC_003_LoginDDT - Login success..
16:15:38.139 [TestNG-test=Test-3] INFO  testCases.TC_003_LoginDDT - Home page Displayed
16:15:38.204 [TestNG-test=Test-3] INFO  testCases.TC_003_LoginDDT - Clicked on My Account menu
16:15:38.459 [TestNG-test=Test-3] INFO  testCases.TC_003_LoginDDT - Clicked on Login submenu
16:15:38.537 [TestNG-test=Test-3] INFO  testCases.TC_003_LoginDDT - Provided email
16:15:38.594 [TestNG-test=Test-3] INFO  testCases.TC_003_LoginDDT - Provided password
16:15:38.807 [TestNG-test=Test-3] INFO  testCases.TC_003_LoginDDT - Clicked Login button
16:15:39.176 [TestNG-test=Test-1] INFO  testCases.TC_001_AccountRegistration - clicked on continue button
16:15:39.213 [TestNG-test=Test-1] INFO  testCases.TC_001_AccountRegistration - Validation started...
16:15:39.213 [TestNG-test=Test-1] INFO  testCases.TC_001_AccountRegistration - Registration passed ...
16:15:48.824 [TestNG-test=Test-3] ERROR testCases.TC_003_LoginDDT - Login failed...
16:15:49.051 [TestNG-test=Test-3] INFO  testCases.TC_003_LoginDDT - Home page Displayed
16:15:49.108 [TestNG-test=Test-3] INFO  testCases.TC_003_LoginDDT - Clicked on My Account menu
16:15:49.338 [TestNG-test=Test-3] INFO  testCases.TC_003_LoginDDT - Clicked on Login submenu
16:15:49.409 [TestNG-test=Test-3] INFO  testCases.TC_003_LoginDDT - Provided email
16:15:49.473 [TestNG-test=Test-3] INFO  testCases.TC_003_LoginDDT - Provided password
16:15:49.688 [TestNG-test=Test-3] INFO  testCases.TC_003_LoginDDT - Clicked Login button
16:15:59.723 [TestNG-test=Test-3] ERROR testCases.TC_003_LoginDDT - Login failed...
16:15:59.964 [TestNG-test=Test-3] INFO  testCases.TC_003_LoginDDT - Home page Displayed
16:16:00.024 [TestNG-test=Test-3] INFO  testCases.TC_003_LoginDDT - Clicked on My Account menu
16:16:00.250 [TestNG-test=Test-3] INFO  testCases.TC_003_LoginDDT - Clicked on Login submenu
16:16:00.333 [TestNG-test=Test-3] INFO  testCases.TC_003_LoginDDT - Provided email
16:16:00.403 [TestNG-test=Test-3] INFO  testCases.TC_003_LoginDDT - Provided password
16:16:00.626 [TestNG-test=Test-3] INFO  testCases.TC_003_LoginDDT - Clicked Login button
16:16:10.647 [TestNG-test=Test-3] ERROR testCases.TC_003_LoginDDT - Login failed...
16:16:28.823 [TestNG-test=Test-1] INFO  testCases.TC_001_AccountRegistration - Starting TC_001_AccountRegistration
16:16:28.823 [TestNG-test=Test-2] INFO  testCases.TC_002_Login - Starting TC_002_Login
16:16:28.829 [TestNG-test=Test-1] INFO  testCases.TC_001_AccountRegistration - Launching applicaton
16:16:29.525 [TestNG-test=Test-2] INFO  testCases.TC_002_Login - Home page Displayed
16:16:29.767 [TestNG-test=Test-1] INFO  testCases.TC_001_AccountRegistration - Clicking on MyInfo-->Registration link
16:16:30.081 [TestNG-test=Test-2] INFO  testCases.TC_002_Login - Clicked on My Account
16:16:30.728 [TestNG-test=Test-2] INFO  testCases.TC_002_Login - Clicked on Login submenu
16:16:30.734 [TestNG-test=Test-1] INFO  testCases.TC_001_AccountRegistration - Providing customer details
16:16:30.933 [TestNG-test=Test-2] INFO  testCases.TC_002_Login - Provided email
16:16:31.047 [TestNG-test=Test-1] INFO  testCases.TC_001_AccountRegistration - Provided firstname
16:16:31.115 [TestNG-test=Test-2] INFO  testCases.TC_002_Login - Provided password
16:16:31.281 [TestNG-test=Test-1] INFO  testCases.TC_001_AccountRegistration - Provided lastname
16:16:31.671 [TestNG-test=Test-1] INFO  testCases.TC_001_AccountRegistration - Provided email
16:16:31.910 [TestNG-test=Test-1] INFO  testCases.TC_001_AccountRegistration - Provided phone no
16:16:32.011 [TestNG-test=Test-2] INFO  testCases.TC_002_Login - Clicked on Login button
16:16:32.028 [TestNG-test=Test-3] INFO  testCases.TC_003_LoginDDT - Home page Displayed
16:16:32.138 [TestNG-test=Test-1] INFO  testCases.TC_001_AccountRegistration - Provided password
16:16:32.141 [TestNG-test=Test-2] INFO  testCases.TC_002_Login - Login Success
16:16:32.315 [TestNG-test=Test-1] INFO  testCases.TC_001_AccountRegistration - provided confirm password
16:16:32.446 [TestNG-test=Test-1] INFO  testCases.TC_001_AccountRegistration - clicked on policy
16:16:32.614 [TestNG-test=Test-3] INFO  testCases.TC_003_LoginDDT - Clicked on My Account menu
16:16:33.251 [TestNG-test=Test-3] INFO  testCases.TC_003_LoginDDT - Clicked on Login submenu
16:16:33.452 [TestNG-test=Test-3] INFO  testCases.TC_003_LoginDDT - Provided email
16:16:33.591 [TestNG-test=Test-3] INFO  testCases.TC_003_LoginDDT - Provided password
16:16:34.191 [TestNG-test=Test-3] INFO  testCases.TC_003_LoginDDT - Clicked Login button
16:16:34.253 [TestNG-test=Test-3] INFO  testCases.TC_003_LoginDDT - Login success..
16:16:35.282 [TestNG-test=Test-3] INFO  testCases.TC_003_LoginDDT - Home page Displayed
16:16:35.387 [TestNG-test=Test-3] INFO  testCases.TC_003_LoginDDT - Clicked on My Account menu
16:16:35.587 [TestNG-test=Test-1] INFO  testCases.TC_001_AccountRegistration - clicked on continue button
16:16:35.652 [TestNG-test=Test-1] INFO  testCases.TC_001_AccountRegistration - Validation started...
16:16:35.653 [TestNG-test=Test-1] INFO  testCases.TC_001_AccountRegistration - Registration passed ...
16:16:35.914 [TestNG-test=Test-3] INFO  testCases.TC_003_LoginDDT - Clicked on Login submenu
16:16:36.083 [TestNG-test=Test-3] INFO  testCases.TC_003_LoginDDT - Provided email
16:16:36.208 [TestNG-test=Test-3] INFO  testCases.TC_003_LoginDDT - Provided password
16:16:36.596 [TestNG-test=Test-3] INFO  testCases.TC_003_LoginDDT - Clicked Login button
16:16:46.616 [TestNG-test=Test-3] ERROR testCases.TC_003_LoginDDT - Login failed...
16:16:46.835 [TestNG-test=Test-3] INFO  testCases.TC_003_LoginDDT - Home page Displayed
16:16:46.896 [TestNG-test=Test-3] INFO  testCases.TC_003_LoginDDT - Clicked on My Account menu
16:16:47.125 [TestNG-test=Test-3] INFO  testCases.TC_003_LoginDDT - Clicked on Login submenu
16:16:47.198 [TestNG-test=Test-3] INFO  testCases.TC_003_LoginDDT - Provided email
16:16:47.253 [TestNG-test=Test-3] INFO  testCases.TC_003_LoginDDT - Provided password
16:16:47.465 [TestNG-test=Test-3] INFO  testCases.TC_003_LoginDDT - Clicked Login button
16:16:57.498 [TestNG-test=Test-3] ERROR testCases.TC_003_LoginDDT - Login failed...
16:16:57.744 [TestNG-test=Test-3] INFO  testCases.TC_003_LoginDDT - Home page Displayed
16:16:57.793 [TestNG-test=Test-3] INFO  testCases.TC_003_LoginDDT - Clicked on My Account menu
16:16:58.024 [TestNG-test=Test-3] INFO  testCases.TC_003_LoginDDT - Clicked on Login submenu
16:16:58.097 [TestNG-test=Test-3] INFO  testCases.TC_003_LoginDDT - Provided email
16:16:58.158 [TestNG-test=Test-3] INFO  testCases.TC_003_LoginDDT - Provided password
16:16:58.384 [TestNG-test=Test-3] INFO  testCases.TC_003_LoginDDT - Clicked Login button
16:17:08.413 [TestNG-test=Test-3] ERROR testCases.TC_003_LoginDDT - Login failed...
16:24:01.814 [TestNG-test=Test-1] INFO  testCases.TC_001_AccountRegistration - Starting TC_001_AccountRegistration
16:24:01.817 [TestNG-test=Test-1] INFO  testCases.TC_001_AccountRegistration - Launching applicaton
16:24:01.814 [TestNG-test=Test-2] INFO  testCases.TC_002_Login - Starting TC_002_Login
16:24:03.164 [TestNG-test=Test-2] INFO  testCases.TC_002_Login - Home page Displayed
16:24:03.279 [TestNG-test=Test-1] INFO  testCases.TC_001_AccountRegistration - Clicking on MyInfo-->Registration link
16:24:03.708 [TestNG-test=Test-2] INFO  testCases.TC_002_Login - Clicked on My Account
16:24:04.243 [TestNG-test=Test-1] INFO  testCases.TC_001_AccountRegistration - Providing customer details
16:24:04.248 [TestNG-test=Test-2] INFO  testCases.TC_002_Login - Clicked on Login submenu
16:24:04.419 [TestNG-test=Test-1] INFO  testCases.TC_001_AccountRegistration - Provided firstname
16:24:04.425 [TestNG-test=Test-2] INFO  testCases.TC_002_Login - Provided email
16:24:04.506 [TestNG-test=Test-3] INFO  testCases.TC_003_LoginDDT - Home page Displayed
16:24:04.546 [TestNG-test=Test-1] INFO  testCases.TC_001_AccountRegistration - Provided lastname
16:24:04.574 [TestNG-test=Test-2] INFO  testCases.TC_002_Login - Provided password
16:24:04.675 [TestNG-test=Test-1] INFO  testCases.TC_001_AccountRegistration - Provided email
16:24:04.843 [TestNG-test=Test-1] INFO  testCases.TC_001_AccountRegistration - Provided phone no
16:24:04.935 [TestNG-test=Test-3] INFO  testCases.TC_003_LoginDDT - Clicked on My Account menu
16:24:05.029 [TestNG-test=Test-1] INFO  testCases.TC_001_AccountRegistration - Provided password
16:24:05.118 [TestNG-test=Test-2] INFO  testCases.TC_002_Login - Clicked on Login button
16:24:05.182 [TestNG-test=Test-2] INFO  testCases.TC_002_Login - Login Success
16:24:05.182 [TestNG-test=Test-1] INFO  testCases.TC_001_AccountRegistration - provided confirm password
16:24:05.273 [TestNG-test=Test-1] INFO  testCases.TC_001_AccountRegistration - clicked on policy
16:24:05.418 [TestNG-test=Test-3] INFO  testCases.TC_003_LoginDDT - Clicked on Login submenu
16:24:05.524 [TestNG-test=Test-3] INFO  testCases.TC_003_LoginDDT - Provided email
16:24:05.591 [TestNG-test=Test-3] INFO  testCases.TC_003_LoginDDT - Provided password
16:24:05.921 [TestNG-test=Test-3] INFO  testCases.TC_003_LoginDDT - Clicked Login button
16:24:05.959 [TestNG-test=Test-3] INFO  testCases.TC_003_LoginDDT - Login success..
16:24:06.503 [TestNG-test=Test-3] INFO  testCases.TC_003_LoginDDT - Home page Displayed
16:24:06.557 [TestNG-test=Test-3] INFO  testCases.TC_003_LoginDDT - Clicked on My Account menu
16:24:06.817 [TestNG-test=Test-3] INFO  testCases.TC_003_LoginDDT - Clicked on Login submenu
16:24:06.904 [TestNG-test=Test-3] INFO  testCases.TC_003_LoginDDT - Provided email
16:24:06.967 [TestNG-test=Test-3] INFO  testCases.TC_003_LoginDDT - Provided password
16:24:07.219 [TestNG-test=Test-3] INFO  testCases.TC_003_LoginDDT - Clicked Login button
16:24:07.872 [TestNG-test=Test-1] INFO  testCases.TC_001_AccountRegistration - clicked on continue button
16:24:07.930 [TestNG-test=Test-1] INFO  testCases.TC_001_AccountRegistration - Validation started...
16:24:07.930 [TestNG-test=Test-1] INFO  testCases.TC_001_AccountRegistration - Registration passed ...
16:24:17.243 [TestNG-test=Test-3] ERROR testCases.TC_003_LoginDDT - Login failed...
16:24:17.463 [TestNG-test=Test-3] INFO  testCases.TC_003_LoginDDT - Home page Displayed
16:24:17.520 [TestNG-test=Test-3] INFO  testCases.TC_003_LoginDDT - Clicked on My Account menu
16:24:17.735 [TestNG-test=Test-3] INFO  testCases.TC_003_LoginDDT - Clicked on Login submenu
16:24:17.799 [TestNG-test=Test-3] INFO  testCases.TC_003_LoginDDT - Provided email
16:24:17.845 [TestNG-test=Test-3] INFO  testCases.TC_003_LoginDDT - Provided password
16:24:18.046 [TestNG-test=Test-3] INFO  testCases.TC_003_LoginDDT - Clicked Login button
16:24:28.057 [TestNG-test=Test-3] ERROR testCases.TC_003_LoginDDT - Login failed...
16:24:28.289 [TestNG-test=Test-3] INFO  testCases.TC_003_LoginDDT - Home page Displayed
16:24:28.344 [TestNG-test=Test-3] INFO  testCases.TC_003_LoginDDT - Clicked on My Account menu
16:24:28.576 [TestNG-test=Test-3] INFO  testCases.TC_003_LoginDDT - Clicked on Login submenu
16:24:28.654 [TestNG-test=Test-3] INFO  testCases.TC_003_LoginDDT - Provided email
16:24:28.730 [TestNG-test=Test-3] INFO  testCases.TC_003_LoginDDT - Provided password
16:24:28.940 [TestNG-test=Test-3] INFO  testCases.TC_003_LoginDDT - Clicked Login button
16:24:38.964 [TestNG-test=Test-3] ERROR testCases.TC_003_LoginDDT - Login failed...
16:42:39.771 [TestNG-test=Test-1] INFO  testCases.TC_001_AccountRegistration - Starting TC_001_AccountRegistration
16:42:39.774 [TestNG-test=Test-1] INFO  testCases.TC_001_AccountRegistration - Launching applicaton
16:42:39.973 [TestNG-test=Test-2] INFO  testCases.TC_002_Login - Starting TC_002_Login
16:42:40.938 [TestNG-test=Test-2] INFO  testCases.TC_002_Login - Home page Displayed
16:42:41.352 [TestNG-test=Test-1] INFO  testCases.TC_001_AccountRegistration - Clicking on MyInfo-->Registration link
16:42:41.648 [TestNG-test=Test-2] INFO  testCases.TC_002_Login - Clicked on My Account
16:42:42.389 [TestNG-test=Test-2] INFO  testCases.TC_002_Login - Clicked on Login submenu
16:42:42.420 [TestNG-test=Test-3] INFO  testCases.TC_003_LoginDDT - Home page Displayed
16:42:42.442 [TestNG-test=Test-1] INFO  testCases.TC_001_AccountRegistration - Providing customer details
16:42:42.640 [TestNG-test=Test-1] INFO  testCases.TC_001_AccountRegistration - Provided firstname
16:42:42.726 [TestNG-test=Test-2] INFO  testCases.TC_002_Login - Provided email
16:42:42.755 [TestNG-test=Test-3] INFO  testCases.TC_003_LoginDDT - Clicked on My Account menu
16:42:42.804 [TestNG-test=Test-1] INFO  testCases.TC_001_AccountRegistration - Provided lastname
16:42:42.910 [TestNG-test=Test-2] INFO  testCases.TC_002_Login - Provided password
16:42:42.951 [TestNG-test=Test-1] INFO  testCases.TC_001_AccountRegistration - Provided email
16:42:43.076 [TestNG-test=Test-1] INFO  testCases.TC_001_AccountRegistration - Provided phone no
16:42:43.196 [TestNG-test=Test-3] INFO  testCases.TC_003_LoginDDT - Clicked on Login submenu
16:42:43.244 [TestNG-test=Test-1] INFO  testCases.TC_001_AccountRegistration - Provided password
16:42:43.321 [TestNG-test=Test-3] INFO  testCases.TC_003_LoginDDT - Provided email
16:42:43.464 [TestNG-test=Test-2] INFO  testCases.TC_002_Login - Clicked on Login button
16:42:43.486 [TestNG-test=Test-3] INFO  testCases.TC_003_LoginDDT - Provided password
16:42:43.497 [TestNG-test=Test-1] INFO  testCases.TC_001_AccountRegistration - provided confirm password
16:42:43.555 [TestNG-test=Test-2] INFO  testCases.TC_002_Login - Login Success
16:42:43.676 [TestNG-test=Test-1] INFO  testCases.TC_001_AccountRegistration - clicked on policy
16:42:43.939 [TestNG-test=Test-3] INFO  testCases.TC_003_LoginDDT - Clicked Login button
16:42:43.985 [TestNG-test=Test-3] INFO  testCases.TC_003_LoginDDT - Login success..
16:42:44.538 [TestNG-test=Test-3] INFO  testCases.TC_003_LoginDDT - Home page Displayed
16:42:44.593 [TestNG-test=Test-3] INFO  testCases.TC_003_LoginDDT - Clicked on My Account menu
16:42:44.868 [TestNG-test=Test-3] INFO  testCases.TC_003_LoginDDT - Clicked on Login submenu
16:42:44.948 [TestNG-test=Test-3] INFO  testCases.TC_003_LoginDDT - Provided email
16:42:45.006 [TestNG-test=Test-3] INFO  testCases.TC_003_LoginDDT - Provided password
16:42:45.228 [TestNG-test=Test-3] INFO  testCases.TC_003_LoginDDT - Clicked Login button
16:42:46.473 [TestNG-test=Test-1] INFO  testCases.TC_001_AccountRegistration - clicked on continue button
16:42:46.511 [TestNG-test=Test-1] INFO  testCases.TC_001_AccountRegistration - Validation started...
16:42:46.511 [TestNG-test=Test-1] INFO  testCases.TC_001_AccountRegistration - Registration passed ...
16:42:55.315 [TestNG-test=Test-3] ERROR testCases.TC_003_LoginDDT - Login failed...
16:42:55.527 [TestNG-test=Test-3] INFO  testCases.TC_003_LoginDDT - Home page Displayed
16:42:55.584 [TestNG-test=Test-3] INFO  testCases.TC_003_LoginDDT - Clicked on My Account menu
16:42:55.836 [TestNG-test=Test-3] INFO  testCases.TC_003_LoginDDT - Clicked on Login submenu
16:42:55.901 [TestNG-test=Test-3] INFO  testCases.TC_003_LoginDDT - Provided email
16:42:55.948 [TestNG-test=Test-3] INFO  testCases.TC_003_LoginDDT - Provided password
16:42:56.170 [TestNG-test=Test-3] INFO  testCases.TC_003_LoginDDT - Clicked Login button
16:43:06.209 [TestNG-test=Test-3] ERROR testCases.TC_003_LoginDDT - Login failed...
16:43:06.469 [TestNG-test=Test-3] INFO  testCases.TC_003_LoginDDT - Home page Displayed
16:43:06.525 [TestNG-test=Test-3] INFO  testCases.TC_003_LoginDDT - Clicked on My Account menu
16:43:06.751 [TestNG-test=Test-3] INFO  testCases.TC_003_LoginDDT - Clicked on Login submenu
16:43:06.827 [TestNG-test=Test-3] INFO  testCases.TC_003_LoginDDT - Provided email
16:43:06.893 [TestNG-test=Test-3] INFO  testCases.TC_003_LoginDDT - Provided password
16:43:07.127 [TestNG-test=Test-3] INFO  testCases.TC_003_LoginDDT - Clicked Login button
16:43:17.162 [TestNG-test=Test-3] ERROR testCases.TC_003_LoginDDT - Login failed...
16:51:30.623 [TestNG-test=Test-1] INFO  testCases.TC_001_AccountRegistration - Starting TC_001_AccountRegistration
16:51:30.630 [TestNG-test=Test-1] INFO  testCases.TC_001_AccountRegistration - Launching applicaton
16:51:30.632 [TestNG-test=Test-2] INFO  testCases.TC_002_Login - Starting TC_002_Login
16:51:31.435 [TestNG-test=Test-2] INFO  testCases.TC_002_Login - Home page Displayed
16:51:31.967 [TestNG-test=Test-1] INFO  testCases.TC_001_AccountRegistration - Clicking on MyInfo-->Registration link
16:51:32.248 [TestNG-test=Test-2] INFO  testCases.TC_002_Login - Clicked on My Account
16:51:32.893 [TestNG-test=Test-2] INFO  testCases.TC_002_Login - Clicked on Login submenu
16:51:33.141 [TestNG-test=Test-1] INFO  testCases.TC_001_AccountRegistration - Providing customer details
16:51:33.236 [TestNG-test=Test-2] INFO  testCases.TC_002_Login - Provided email
16:51:33.255 [TestNG-test=Test-3] INFO  testCases.TC_003_LoginDDT - Home page Displayed
16:51:33.330 [TestNG-test=Test-1] INFO  testCases.TC_001_AccountRegistration - Provided firstname
16:51:33.358 [TestNG-test=Test-2] INFO  testCases.TC_002_Login - Provided password
16:51:33.494 [TestNG-test=Test-1] INFO  testCases.TC_001_AccountRegistration - Provided lastname
16:51:33.674 [TestNG-test=Test-3] INFO  testCases.TC_003_LoginDDT - Clicked on My Account menu
16:51:33.681 [TestNG-test=Test-1] INFO  testCases.TC_001_AccountRegistration - Provided email
16:51:33.843 [TestNG-test=Test-1] INFO  testCases.TC_001_AccountRegistration - Provided phone no
16:51:33.926 [TestNG-test=Test-2] INFO  testCases.TC_002_Login - Clicked on Login button
16:51:33.978 [TestNG-test=Test-1] INFO  testCases.TC_001_AccountRegistration - Provided password
16:51:33.993 [TestNG-test=Test-2] INFO  testCases.TC_002_Login - Login Success
16:51:34.090 [TestNG-test=Test-1] INFO  testCases.TC_001_AccountRegistration - provided confirm password
16:51:34.165 [TestNG-test=Test-1] INFO  testCases.TC_001_AccountRegistration - clicked on policy
16:51:34.263 [TestNG-test=Test-3] INFO  testCases.TC_003_LoginDDT - Clicked on Login submenu
16:51:34.405 [TestNG-test=Test-3] INFO  testCases.TC_003_LoginDDT - Provided email
16:51:34.495 [TestNG-test=Test-3] INFO  testCases.TC_003_LoginDDT - Provided password
16:51:34.839 [TestNG-test=Test-3] INFO  testCases.TC_003_LoginDDT - Clicked Login button
16:51:34.878 [TestNG-test=Test-3] INFO  testCases.TC_003_LoginDDT - Login success..
16:51:35.446 [TestNG-test=Test-3] INFO  testCases.TC_003_LoginDDT - Home page Displayed
16:51:35.507 [TestNG-test=Test-3] INFO  testCases.TC_003_LoginDDT - Clicked on My Account menu
16:51:35.736 [TestNG-test=Test-3] INFO  testCases.TC_003_LoginDDT - Clicked on Login submenu
16:51:35.827 [TestNG-test=Test-3] INFO  testCases.TC_003_LoginDDT - Provided email
16:51:35.901 [TestNG-test=Test-3] INFO  testCases.TC_003_LoginDDT - Provided password
16:51:36.169 [TestNG-test=Test-3] INFO  testCases.TC_003_LoginDDT - Clicked Login button
16:51:37.199 [TestNG-test=Test-1] INFO  testCases.TC_001_AccountRegistration - clicked on continue button
16:51:37.238 [TestNG-test=Test-1] INFO  testCases.TC_001_AccountRegistration - Validation started...
16:51:37.238 [TestNG-test=Test-1] INFO  testCases.TC_001_AccountRegistration - Registration passed ...
16:51:46.208 [TestNG-test=Test-3] ERROR testCases.TC_003_LoginDDT - Login failed...
16:51:46.444 [TestNG-test=Test-3] INFO  testCases.TC_003_LoginDDT - Home page Displayed
16:51:46.536 [TestNG-test=Test-3] INFO  testCases.TC_003_LoginDDT - Clicked on My Account menu
16:51:46.830 [TestNG-test=Test-3] INFO  testCases.TC_003_LoginDDT - Clicked on Login submenu
16:51:46.948 [TestNG-test=Test-3] INFO  testCases.TC_003_LoginDDT - Provided email
16:51:46.999 [TestNG-test=Test-3] INFO  testCases.TC_003_LoginDDT - Provided password
16:51:47.221 [TestNG-test=Test-3] INFO  testCases.TC_003_LoginDDT - Clicked Login button
16:51:57.247 [TestNG-test=Test-3] ERROR testCases.TC_003_LoginDDT - Login failed...
16:51:57.490 [TestNG-test=Test-3] INFO  testCases.TC_003_LoginDDT - Home page Displayed
16:51:57.574 [TestNG-test=Test-3] INFO  testCases.TC_003_LoginDDT - Clicked on My Account menu
16:51:57.848 [TestNG-test=Test-3] INFO  testCases.TC_003_LoginDDT - Clicked on Login submenu
16:51:57.958 [TestNG-test=Test-3] INFO  testCases.TC_003_LoginDDT - Provided email
16:51:58.069 [TestNG-test=Test-3] INFO  testCases.TC_003_LoginDDT - Provided password
16:51:58.352 [TestNG-test=Test-3] INFO  testCases.TC_003_LoginDDT - Clicked Login button
16:52:08.378 [TestNG-test=Test-3] ERROR testCases.TC_003_LoginDDT - Login failed...
17:24:33.610 [TestNG-test=Test-1] INFO  testCases.TC_001_AccountRegistration - Starting TC_001_AccountRegistration
17:24:33.610 [TestNG-test=Test-2] INFO  testCases.TC_002_Login - Starting TC_002_Login
17:24:33.614 [TestNG-test=Test-1] INFO  testCases.TC_001_AccountRegistration - Launching applicaton
17:24:34.675 [TestNG-test=Test-2] INFO  testCases.TC_002_Login - Home page Displayed
17:24:35.182 [TestNG-test=Test-2] INFO  testCases.TC_002_Login - Clicked on My Account
17:24:35.355 [TestNG-test=Test-1] INFO  testCases.TC_001_AccountRegistration - Clicking on MyInfo-->Registration link
17:24:35.819 [TestNG-test=Test-2] INFO  testCases.TC_002_Login - Clicked on Login submenu
17:24:36.211 [TestNG-test=Test-2] INFO  testCases.TC_002_Login - Provided email
17:24:36.219 [TestNG-test=Test-3] INFO  testCases.TC_003_LoginDDT - Home page Displayed
17:24:36.273 [TestNG-test=Test-1] INFO  testCases.TC_001_AccountRegistration - Providing customer details
17:24:36.356 [TestNG-test=Test-2] INFO  testCases.TC_002_Login - Provided password
17:24:36.426 [TestNG-test=Test-1] INFO  testCases.TC_001_AccountRegistration - Provided firstname
17:24:36.665 [TestNG-test=Test-3] INFO  testCases.TC_003_LoginDDT - Clicked on My Account menu
17:24:36.673 [TestNG-test=Test-1] INFO  testCases.TC_001_AccountRegistration - Provided lastname
17:24:36.918 [TestNG-test=Test-2] INFO  testCases.TC_002_Login - Clicked on Login button
17:24:36.956 [TestNG-test=Test-1] INFO  testCases.TC_001_AccountRegistration - Provided email
17:24:36.985 [TestNG-test=Test-2] INFO  testCases.TC_002_Login - Login Success
17:24:37.138 [TestNG-test=Test-1] INFO  testCases.TC_001_AccountRegistration - Provided phone no
17:24:37.253 [TestNG-test=Test-1] INFO  testCases.TC_001_AccountRegistration - Provided password
17:24:37.290 [TestNG-test=Test-3] INFO  testCases.TC_003_LoginDDT - Clicked on Login submenu
17:24:37.370 [TestNG-test=Test-1] INFO  testCases.TC_001_AccountRegistration - provided confirm password
17:24:37.447 [TestNG-test=Test-1] INFO  testCases.TC_001_AccountRegistration - clicked on policy
17:24:37.450 [TestNG-test=Test-3] INFO  testCases.TC_003_LoginDDT - Provided email
17:24:37.529 [TestNG-test=Test-3] INFO  testCases.TC_003_LoginDDT - Provided password
17:24:37.850 [TestNG-test=Test-3] INFO  testCases.TC_003_LoginDDT - Clicked Login button
17:24:37.891 [TestNG-test=Test-3] INFO  testCases.TC_003_LoginDDT - Login success..
17:24:38.414 [TestNG-test=Test-3] INFO  testCases.TC_003_LoginDDT - Home page Displayed
17:24:38.487 [TestNG-test=Test-3] INFO  testCases.TC_003_LoginDDT - Clicked on My Account menu
17:24:38.756 [TestNG-test=Test-3] INFO  testCases.TC_003_LoginDDT - Clicked on Login submenu
17:24:38.842 [TestNG-test=Test-3] INFO  testCases.TC_003_LoginDDT - Provided email
17:24:38.903 [TestNG-test=Test-3] INFO  testCases.TC_003_LoginDDT - Provided password
17:24:39.162 [TestNG-test=Test-3] INFO  testCases.TC_003_LoginDDT - Clicked Login button
17:24:40.053 [TestNG-test=Test-1] INFO  testCases.TC_001_AccountRegistration - clicked on continue button
17:24:40.093 [TestNG-test=Test-1] INFO  testCases.TC_001_AccountRegistration - Validation started...
17:24:40.093 [TestNG-test=Test-1] INFO  testCases.TC_001_AccountRegistration - Registration passed ...
17:24:49.194 [TestNG-test=Test-3] ERROR testCases.TC_003_LoginDDT - Login failed...
17:24:49.414 [TestNG-test=Test-3] INFO  testCases.TC_003_LoginDDT - Home page Displayed
17:24:49.467 [TestNG-test=Test-3] INFO  testCases.TC_003_LoginDDT - Clicked on My Account menu
17:24:49.709 [TestNG-test=Test-3] INFO  testCases.TC_003_LoginDDT - Clicked on Login submenu
17:24:49.779 [TestNG-test=Test-3] INFO  testCases.TC_003_LoginDDT - Provided email
17:24:49.831 [TestNG-test=Test-3] INFO  testCases.TC_003_LoginDDT - Provided password
17:24:50.053 [TestNG-test=Test-3] INFO  testCases.TC_003_LoginDDT - Clicked Login button
