14:18:23.259 [TestNG-test=Test-1] FATAL testCases.TC_003_LoginDDT - Loging failed..
14:18:23.585 [TestNG-test=Test-1] INFO  testCases.TC_003_LoginDDT - Home page Displayed
14:18:23.640 [TestNG-test=Test-1] INFO  testCases.TC_003_LoginDDT - Clicked on My Account menu
14:18:33.717 [TestNG-test=Test-1] FATAL testCases.TC_003_LoginDDT - Loging failed..
14:18:34.350 [TestNG-test=Test-1] INFO  testCases.TC_003_LoginDDT - Home page Displayed
14:18:34.462 [TestNG-test=Test-1] INFO  testCases.TC_003_LoginDDT - Clicked on My Account menu
14:18:44.569 [TestNG-test=Test-1] FATAL testCases.TC_003_LoginDDT - Loging failed..
14:19:56.834 [TestNG-test=Test-1] INFO  testCases.TC_003_LoginDDT - Home page Displayed
14:19:57.281 [TestNG-test=Test-1] INFO  testCases.TC_003_LoginDDT - Clicked on My Account menu
14:19:57.670 [TestNG-test=Test-1] INFO  testCases.TC_003_LoginDDT - Clicked on Login submenu
14:19:57.774 [TestNG-test=Test-1] INFO  testCases.TC_003_LoginDDT - Provided email
14:19:57.851 [TestNG-test=Test-1] INFO  testCases.TC_003_LoginDDT - Provided password
14:19:58.361 [TestNG-test=Test-1] INFO  testCases.TC_003_LoginDDT - Clicked Login button
14:19:58.421 [TestNG-test=Test-1] INFO  testCases.TC_003_LoginDDT - Login success..
14:19:58.450 [TestNG-test=Test-1] FATAL testCases.TC_003_LoginDDT - Loging failed..
14:19:58.905 [TestNG-test=Test-1] INFO  testCases.TC_003_LoginDDT - Home page Displayed
14:19:58.987 [TestNG-test=Test-1] INFO  testCases.TC_003_LoginDDT - Clicked on My Account menu
14:20:09.044 [TestNG-test=Test-1] FATAL testCases.TC_003_LoginDDT - Loging failed..
14:20:09.487 [TestNG-test=Test-1] INFO  testCases.TC_003_LoginDDT - Home page Displayed
14:20:09.584 [TestNG-test=Test-1] INFO  testCases.TC_003_LoginDDT - Clicked on My Account menu
14:20:19.652 [TestNG-test=Test-1] FATAL testCases.TC_003_LoginDDT - Loging failed..
14:20:20.132 [TestNG-test=Test-1] INFO  testCases.TC_003_LoginDDT - Home page Displayed
14:20:20.216 [TestNG-test=Test-1] INFO  testCases.TC_003_LoginDDT - Clicked on My Account menu
14:20:30.288 [TestNG-test=Test-1] FATAL testCases.TC_003_LoginDDT - Loging failed..
14:23:22.754 [TestNG-test=Test-1] INFO  testCases.TC_003_LoginDDT - Home page Displayed
14:23:23.081 [TestNG-test=Test-1] INFO  testCases.TC_003_LoginDDT - Clicked on My Account menu
14:23:23.568 [TestNG-test=Test-1] INFO  testCases.TC_003_LoginDDT - Clicked on Login submenu
14:23:23.668 [TestNG-test=Test-1] INFO  testCases.TC_003_LoginDDT - Provided email
14:23:23.741 [TestNG-test=Test-1] INFO  testCases.TC_003_LoginDDT - Provided password
14:23:24.259 [TestNG-test=Test-1] INFO  testCases.TC_003_LoginDDT - Clicked Login button
14:23:24.311 [TestNG-test=Test-1] INFO  testCases.TC_003_LoginDDT - Login success..
14:23:24.343 [TestNG-test=Test-1] FATAL testCases.TC_003_LoginDDT - Loging failed..
14:23:24.773 [TestNG-test=Test-1] INFO  testCases.TC_003_LoginDDT - Home page Displayed
14:23:24.858 [TestNG-test=Test-1] INFO  testCases.TC_003_LoginDDT - Clicked on My Account menu
14:23:34.895 [TestNG-test=Test-1] FATAL testCases.TC_003_LoginDDT - Loging failed..
14:23:35.333 [TestNG-test=Test-1] INFO  testCases.TC_003_LoginDDT - Home page Displayed
14:23:35.421 [TestNG-test=Test-1] INFO  testCases.TC_003_LoginDDT - Clicked on My Account menu
14:23:45.440 [TestNG-test=Test-1] FATAL testCases.TC_003_LoginDDT - Loging failed..
14:23:45.894 [TestNG-test=Test-1] INFO  testCases.TC_003_LoginDDT - Home page Displayed
14:23:45.981 [TestNG-test=Test-1] INFO  testCases.TC_003_LoginDDT - Clicked on My Account menu
14:23:56.012 [TestNG-test=Test-1] FATAL testCases.TC_003_LoginDDT - Loging failed..
14:27:27.500 [TestNG-test=Test-1] INFO  testCases.TC_003_LoginDDT - Home page Displayed
14:27:27.895 [TestNG-test=Test-1] INFO  testCases.TC_003_LoginDDT - Clicked on My Account menu
14:27:28.377 [TestNG-test=Test-1] INFO  testCases.TC_003_LoginDDT - Clicked on Login submenu
14:27:28.486 [TestNG-test=Test-1] INFO  testCases.TC_003_LoginDDT - Provided email
14:27:28.572 [TestNG-test=Test-1] INFO  testCases.TC_003_LoginDDT - Provided password
14:27:29.115 [TestNG-test=Test-1] INFO  testCases.TC_003_LoginDDT - Clicked Login button
14:27:29.182 [TestNG-test=Test-1] INFO  testCases.TC_003_LoginDDT - Login success..
14:27:29.218 [TestNG-test=Test-1] FATAL testCases.TC_003_LoginDDT - Loging failed..
14:27:29.724 [TestNG-test=Test-1] INFO  testCases.TC_003_LoginDDT - Home page Displayed
14:27:29.806 [TestNG-test=Test-1] INFO  testCases.TC_003_LoginDDT - Clicked on My Account menu
14:27:39.825 [TestNG-test=Test-1] FATAL testCases.TC_003_LoginDDT - Loging failed..
14:27:40.302 [TestNG-test=Test-1] INFO  testCases.TC_003_LoginDDT - Home page Displayed
14:27:40.412 [TestNG-test=Test-1] INFO  testCases.TC_003_LoginDDT - Clicked on My Account menu
14:27:50.444 [TestNG-test=Test-1] FATAL testCases.TC_003_LoginDDT - Loging failed..
14:27:51.068 [TestNG-test=Test-1] INFO  testCases.TC_003_LoginDDT - Home page Displayed
14:27:51.188 [TestNG-test=Test-1] INFO  testCases.TC_003_LoginDDT - Clicked on My Account menu
14:28:01.193 [TestNG-test=Test-1] FATAL testCases.TC_003_LoginDDT - Loging failed..
14:33:35.367 [TestNG-test=Test-1] INFO  testCases.TC_003_LoginDDT - Home page Displayed
14:33:35.796 [TestNG-test=Test-1] INFO  testCases.TC_003_LoginDDT - Clicked on My Account menu
14:33:36.289 [TestNG-test=Test-1] INFO  testCases.TC_003_LoginDDT - Clicked on Login submenu
14:33:36.397 [TestNG-test=Test-1] INFO  testCases.TC_003_LoginDDT - Provided email
14:33:36.485 [TestNG-test=Test-1] INFO  testCases.TC_003_LoginDDT - Provided password
14:33:37.032 [TestNG-test=Test-1] INFO  testCases.TC_003_LoginDDT - Clicked Login button
14:33:37.087 [TestNG-test=Test-1] INFO  testCases.TC_003_LoginDDT - Login success..
14:33:37.116 [TestNG-test=Test-1] FATAL testCases.TC_003_LoginDDT - Loging failed..
14:33:37.650 [TestNG-test=Test-1] INFO  testCases.TC_003_LoginDDT - Home page Displayed
14:33:37.732 [TestNG-test=Test-1] INFO  testCases.TC_003_LoginDDT - Clicked on My Account menu
14:33:47.733 [TestNG-test=Test-1] FATAL testCases.TC_003_LoginDDT - Loging failed..
14:33:48.163 [TestNG-test=Test-1] INFO  testCases.TC_003_LoginDDT - Home page Displayed
14:33:48.243 [TestNG-test=Test-1] INFO  testCases.TC_003_LoginDDT - Clicked on My Account menu
14:33:58.313 [TestNG-test=Test-1] FATAL testCases.TC_003_LoginDDT - Loging failed..
14:33:58.797 [TestNG-test=Test-1] INFO  testCases.TC_003_LoginDDT - Home page Displayed
14:33:58.882 [TestNG-test=Test-1] INFO  testCases.TC_003_LoginDDT - Clicked on My Account menu
14:34:08.922 [TestNG-test=Test-1] FATAL testCases.TC_003_LoginDDT - Loging failed..
14:38:42.247 [TestNG-test=Test-1] INFO  testCases.TC_003_LoginDDT - Home page Displayed
14:38:42.493 [TestNG-test=Test-1] INFO  testCases.TC_003_LoginDDT - Clicked on My Account menu
14:38:43.020 [TestNG-test=Test-1] INFO  testCases.TC_003_LoginDDT - Clicked on Login submenu
14:38:43.122 [TestNG-test=Test-1] INFO  testCases.TC_003_LoginDDT - Provided email
14:38:43.205 [TestNG-test=Test-1] INFO  testCases.TC_003_LoginDDT - Provided password
14:38:43.739 [TestNG-test=Test-1] INFO  testCases.TC_003_LoginDDT - Clicked Login button
14:38:43.810 [TestNG-test=Test-1] INFO  testCases.TC_003_LoginDDT - Login success..
14:38:53.871 [TestNG-test=Test-1] FATAL testCases.TC_003_LoginDDT - Loging failed..
14:38:54.435 [TestNG-test=Test-1] INFO  testCases.TC_003_LoginDDT - Home page Displayed
14:38:54.522 [TestNG-test=Test-1] INFO  testCases.TC_003_LoginDDT - Clicked on My Account menu
14:39:04.540 [TestNG-test=Test-1] FATAL testCases.TC_003_LoginDDT - Loging failed..
14:39:04.992 [TestNG-test=Test-1] INFO  testCases.TC_003_LoginDDT - Home page Displayed
14:39:05.084 [TestNG-test=Test-1] INFO  testCases.TC_003_LoginDDT - Clicked on My Account menu
14:39:15.114 [TestNG-test=Test-1] FATAL testCases.TC_003_LoginDDT - Loging failed..
14:39:15.573 [TestNG-test=Test-1] INFO  testCases.TC_003_LoginDDT - Home page Displayed
14:39:15.670 [TestNG-test=Test-1] INFO  testCases.TC_003_LoginDDT - Clicked on My Account menu
14:39:25.744 [TestNG-test=Test-1] FATAL testCases.TC_003_LoginDDT - Loging failed..
14:40:05.653 [TestNG-test=Test-1] INFO  testCases.TC_003_LoginDDT - Home page Displayed
14:40:05.878 [TestNG-test=Test-1] INFO  testCases.TC_003_LoginDDT - Clicked on My Account menu
14:40:06.371 [TestNG-test=Test-1] INFO  testCases.TC_003_LoginDDT - Clicked on Login submenu
14:40:06.469 [TestNG-test=Test-1] INFO  testCases.TC_003_LoginDDT - Provided email
14:40:06.541 [TestNG-test=Test-1] INFO  testCases.TC_003_LoginDDT - Provided password
14:40:07.059 [TestNG-test=Test-1] INFO  testCases.TC_003_LoginDDT - Clicked Login button
14:40:07.122 [TestNG-test=Test-1] INFO  testCases.TC_003_LoginDDT - Login success..
14:40:08.016 [TestNG-test=Test-1] INFO  testCases.TC_003_LoginDDT - Home page Displayed
14:40:08.106 [TestNG-test=Test-1] INFO  testCases.TC_003_LoginDDT - Clicked on My Account menu
14:40:08.557 [TestNG-test=Test-1] INFO  testCases.TC_003_LoginDDT - Clicked on Login submenu
14:40:08.657 [TestNG-test=Test-1] INFO  testCases.TC_003_LoginDDT - Provided email
14:40:08.731 [TestNG-test=Test-1] INFO  testCases.TC_003_LoginDDT - Provided password
14:40:09.178 [TestNG-test=Test-1] INFO  testCases.TC_003_LoginDDT - Clicked Login button
14:40:19.199 [TestNG-test=Test-1] ERROR testCases.TC_003_LoginDDT - Login failed...
14:40:19.687 [TestNG-test=Test-1] INFO  testCases.TC_003_LoginDDT - Home page Displayed
14:40:19.776 [TestNG-test=Test-1] INFO  testCases.TC_003_LoginDDT - Clicked on My Account menu
14:40:20.300 [TestNG-test=Test-1] INFO  testCases.TC_003_LoginDDT - Clicked on Login submenu
14:40:20.411 [TestNG-test=Test-1] INFO  testCases.TC_003_LoginDDT - Provided email
14:40:20.515 [TestNG-test=Test-1] INFO  testCases.TC_003_LoginDDT - Provided password
14:40:21.001 [TestNG-test=Test-1] INFO  testCases.TC_003_LoginDDT - Clicked Login button
14:40:31.050 [TestNG-test=Test-1] ERROR testCases.TC_003_LoginDDT - Login failed...
14:40:31.584 [TestNG-test=Test-1] INFO  testCases.TC_003_LoginDDT - Home page Displayed
14:40:31.673 [TestNG-test=Test-1] INFO  testCases.TC_003_LoginDDT - Clicked on My Account menu
14:40:32.150 [TestNG-test=Test-1] INFO  testCases.TC_003_LoginDDT - Clicked on Login submenu
14:40:32.267 [TestNG-test=Test-1] INFO  testCases.TC_003_LoginDDT - Provided email
14:40:32.374 [TestNG-test=Test-1] INFO  testCases.TC_003_LoginDDT - Provided password
14:40:32.902 [TestNG-test=Test-1] INFO  testCases.TC_003_LoginDDT - Clicked Login button
14:40:42.947 [TestNG-test=Test-1] ERROR testCases.TC_003_LoginDDT - Login failed...
16:49:30.333 [TestNG-test=Test-1] INFO  testCases.TC_001_AccountRegistration - Starting TC_001_AccountRegistration
16:49:30.333 [TestNG-test=Test-2] INFO  testCases.TC_002_Login - Starting TC_002_Login
16:49:30.337 [TestNG-test=Test-1] INFO  testCases.TC_001_AccountRegistration - Launching applicaton
16:49:31.715 [TestNG-test=Test-2] INFO  testCases.TC_002_Login - Home page Displayed
16:49:31.991 [TestNG-test=Test-1] INFO  testCases.TC_001_AccountRegistration - Clicking on MyInfo-->Registration link
16:49:32.277 [TestNG-test=Test-2] INFO  testCases.TC_002_Login - Clicked on My Account
16:49:33.044 [TestNG-test=Test-2] INFO  testCases.TC_002_Login - Clicked on Login submenu
16:49:33.175 [TestNG-test=Test-1] INFO  testCases.TC_001_AccountRegistration - Providing customer details
16:49:33.264 [TestNG-test=Test-2] INFO  testCases.TC_002_Login - Provided email
16:49:33.319 [TestNG-test=Test-1] INFO  testCases.TC_001_AccountRegistration - Provided firstname
16:49:33.378 [TestNG-test=Test-2] INFO  testCases.TC_002_Login - Provided password
16:49:33.463 [TestNG-test=Test-1] INFO  testCases.TC_001_AccountRegistration - Provided lastname
16:49:33.643 [TestNG-test=Test-1] INFO  testCases.TC_001_AccountRegistration - Provided email
16:49:33.767 [TestNG-test=Test-1] INFO  testCases.TC_001_AccountRegistration - Provided phone no
16:49:33.897 [TestNG-test=Test-1] INFO  testCases.TC_001_AccountRegistration - Provided password
16:49:34.045 [TestNG-test=Test-1] INFO  testCases.TC_001_AccountRegistration - provided confirm password
16:49:34.111 [TestNG-test=Test-2] INFO  testCases.TC_002_Login - Clicked on Login button
16:49:34.158 [TestNG-test=Test-1] INFO  testCases.TC_001_AccountRegistration - clicked on policy
16:49:34.210 [TestNG-test=Test-2] INFO  testCases.TC_002_Login - Login Success
16:49:36.884 [TestNG-test=Test-1] INFO  testCases.TC_001_AccountRegistration - clicked on continue button
16:49:36.935 [TestNG-test=Test-1] INFO  testCases.TC_001_AccountRegistration - Validation started...
16:49:36.935 [TestNG-test=Test-1] INFO  testCases.TC_001_AccountRegistration - Registration passed ...
16:51:53.387 [TestNG-test=Test-1] INFO  testCases.TC_001_AccountRegistration - Starting TC_001_AccountRegistration
16:51:53.391 [TestNG-test=Test-1] INFO  testCases.TC_001_AccountRegistration - Launching applicaton
16:51:54.441 [TestNG-test=Test-1] INFO  testCases.TC_001_AccountRegistration - Clicking on MyInfo-->Registration link
16:51:55.248 [TestNG-test=Test-1] INFO  testCases.TC_001_AccountRegistration - Providing customer details
16:51:55.347 [TestNG-test=Test-1] INFO  testCases.TC_001_AccountRegistration - Provided firstname
16:51:55.431 [TestNG-test=Test-1] INFO  testCases.TC_001_AccountRegistration - Provided lastname
16:51:55.527 [TestNG-test=Test-1] INFO  testCases.TC_001_AccountRegistration - Provided email
16:51:55.609 [TestNG-test=Test-1] INFO  testCases.TC_001_AccountRegistration - Provided phone no
16:51:55.693 [TestNG-test=Test-1] INFO  testCases.TC_001_AccountRegistration - Provided password
16:51:55.790 [TestNG-test=Test-1] INFO  testCases.TC_001_AccountRegistration - provided confirm password
16:51:55.859 [TestNG-test=Test-1] INFO  testCases.TC_001_AccountRegistration - clicked on policy
16:51:58.526 [TestNG-test=Test-1] INFO  testCases.TC_001_AccountRegistration - clicked on continue button
16:51:58.574 [TestNG-test=Test-1] INFO  testCases.TC_001_AccountRegistration - Validation started...
16:51:58.574 [TestNG-test=Test-1] INFO  testCases.TC_001_AccountRegistration - Registration passed ...
16:53:00.352 [TestNG-test=Test-1] INFO  testCases.TC_002_Login - Starting TC_002_Login
16:53:01.231 [TestNG-test=Test-1] INFO  testCases.TC_002_Login - Home page Displayed
16:53:01.603 [TestNG-test=Test-1] INFO  testCases.TC_002_Login - Clicked on My Account
16:53:02.201 [TestNG-test=Test-1] INFO  testCases.TC_002_Login - Clicked on Login submenu
16:53:02.328 [TestNG-test=Test-1] INFO  testCases.TC_002_Login - Provided email
16:53:02.406 [TestNG-test=Test-1] INFO  testCases.TC_002_Login - Provided password
16:53:03.004 [TestNG-test=Test-1] INFO  testCases.TC_002_Login - Clicked on Login button
16:53:03.078 [TestNG-test=Test-1] INFO  testCases.TC_002_Login - Login Success
16:55:26.119 [TestNG-test=Test-1] INFO  testCases.TC_003_LoginDDT - Home page Displayed
16:55:27.959 [TestNG-test=Test-1] INFO  testCases.TC_003_LoginDDT - Clicked on My Account menu
16:55:31.257 [TestNG-test=Test-1] INFO  testCases.TC_003_LoginDDT - Clicked on Login submenu
16:55:31.447 [TestNG-test=Test-1] INFO  testCases.TC_003_LoginDDT - Provided email
16:55:31.616 [TestNG-test=Test-1] INFO  testCases.TC_003_LoginDDT - Provided password
16:55:32.285 [TestNG-test=Test-1] INFO  testCases.TC_003_LoginDDT - Clicked Login button
16:55:32.375 [TestNG-test=Test-1] INFO  testCases.TC_003_LoginDDT - Login success..
16:55:33.414 [TestNG-test=Test-1] INFO  testCases.TC_003_LoginDDT - Home page Displayed
16:55:33.516 [TestNG-test=Test-1] INFO  testCases.TC_003_LoginDDT - Clicked on My Account menu
16:55:33.963 [TestNG-test=Test-1] INFO  testCases.TC_003_LoginDDT - Clicked on Login submenu
16:55:34.099 [TestNG-test=Test-1] INFO  testCases.TC_003_LoginDDT - Provided email
16:55:34.206 [TestNG-test=Test-1] INFO  testCases.TC_003_LoginDDT - Provided password
16:55:34.652 [TestNG-test=Test-1] INFO  testCases.TC_003_LoginDDT - Clicked Login button
16:55:44.699 [TestNG-test=Test-1] ERROR testCases.TC_003_LoginDDT - Login failed...
16:55:45.259 [TestNG-test=Test-1] INFO  testCases.TC_003_LoginDDT - Home page Displayed
16:55:45.362 [TestNG-test=Test-1] INFO  testCases.TC_003_LoginDDT - Clicked on My Account menu
16:55:45.892 [TestNG-test=Test-1] INFO  testCases.TC_003_LoginDDT - Clicked on Login submenu
16:55:46.001 [TestNG-test=Test-1] INFO  testCases.TC_003_LoginDDT - Provided email
16:55:46.102 [TestNG-test=Test-1] INFO  testCases.TC_003_LoginDDT - Provided password
16:55:46.608 [TestNG-test=Test-1] INFO  testCases.TC_003_LoginDDT - Clicked Login button
16:55:56.667 [TestNG-test=Test-1] ERROR testCases.TC_003_LoginDDT - Login failed...
16:55:57.273 [TestNG-test=Test-1] INFO  testCases.TC_003_LoginDDT - Home page Displayed
16:55:57.420 [TestNG-test=Test-1] INFO  testCases.TC_003_LoginDDT - Clicked on My Account menu
16:55:57.993 [TestNG-test=Test-1] INFO  testCases.TC_003_LoginDDT - Clicked on Login submenu
16:55:58.157 [TestNG-test=Test-1] INFO  testCases.TC_003_LoginDDT - Provided email
16:55:58.293 [TestNG-test=Test-1] INFO  testCases.TC_003_LoginDDT - Provided password
16:55:58.918 [TestNG-test=Test-1] INFO  testCases.TC_003_LoginDDT - Clicked Login button
16:56:08.983 [TestNG-test=Test-1] ERROR testCases.TC_003_LoginDDT - Login failed...
17:01:44.688 [TestNG-test=Test-1] INFO  testCases.TC_003_LoginDDT - Home page Displayed
17:01:45.066 [TestNG-test=Test-1] INFO  testCases.TC_003_LoginDDT - Clicked on My Account menu
17:01:45.498 [TestNG-test=Test-1] INFO  testCases.TC_003_LoginDDT - Clicked on Login submenu
17:01:45.650 [TestNG-test=Test-1] INFO  testCases.TC_003_LoginDDT - Provided email
17:01:45.754 [TestNG-test=Test-1] INFO  testCases.TC_003_LoginDDT - Provided password
17:01:46.366 [TestNG-test=Test-1] INFO  testCases.TC_003_LoginDDT - Clicked Login button
17:01:46.439 [TestNG-test=Test-1] INFO  testCases.TC_003_LoginDDT - Login success..
17:01:47.528 [TestNG-test=Test-1] INFO  testCases.TC_003_LoginDDT - Home page Displayed
17:01:47.610 [TestNG-test=Test-1] INFO  testCases.TC_003_LoginDDT - Clicked on My Account menu
17:01:48.076 [TestNG-test=Test-1] INFO  testCases.TC_003_LoginDDT - Clicked on Login submenu
17:01:48.185 [TestNG-test=Test-1] INFO  testCases.TC_003_LoginDDT - Provided email
17:01:48.276 [TestNG-test=Test-1] INFO  testCases.TC_003_LoginDDT - Provided password
17:01:48.717 [TestNG-test=Test-1] INFO  testCases.TC_003_LoginDDT - Clicked Login button
17:01:58.785 [TestNG-test=Test-1] ERROR testCases.TC_003_LoginDDT - Login failed...
17:01:59.292 [TestNG-test=Test-1] INFO  testCases.TC_003_LoginDDT - Home page Displayed
17:01:59.422 [TestNG-test=Test-1] INFO  testCases.TC_003_LoginDDT - Clicked on My Account menu
17:01:59.920 [TestNG-test=Test-1] INFO  testCases.TC_003_LoginDDT - Clicked on Login submenu
17:02:00.022 [TestNG-test=Test-1] INFO  testCases.TC_003_LoginDDT - Provided email
17:02:00.136 [TestNG-test=Test-1] INFO  testCases.TC_003_LoginDDT - Provided password
17:02:00.668 [TestNG-test=Test-1] INFO  testCases.TC_003_LoginDDT - Clicked Login button
17:02:10.706 [TestNG-test=Test-1] ERROR testCases.TC_003_LoginDDT - Login failed...
17:02:11.369 [TestNG-test=Test-1] INFO  testCases.TC_003_LoginDDT - Home page Displayed
17:02:11.514 [TestNG-test=Test-1] INFO  testCases.TC_003_LoginDDT - Clicked on My Account menu
17:02:12.097 [TestNG-test=Test-1] INFO  testCases.TC_003_LoginDDT - Clicked on Login submenu
17:02:12.285 [TestNG-test=Test-1] INFO  testCases.TC_003_LoginDDT - Provided email
17:02:12.444 [TestNG-test=Test-1] INFO  testCases.TC_003_LoginDDT - Provided password
17:02:13.075 [TestNG-test=Test-1] INFO  testCases.TC_003_LoginDDT - Clicked Login button
17:02:23.119 [TestNG-test=Test-1] ERROR testCases.TC_003_LoginDDT - Login failed...
17:03:20.270 [TestNG-test=Test-2] INFO  testCases.TC_002_Login - Starting TC_002_Login
17:03:20.270 [TestNG-test=Test-1] INFO  testCases.TC_001_AccountRegistration - Starting TC_001_AccountRegistration
17:03:20.276 [TestNG-test=Test-1] INFO  testCases.TC_001_AccountRegistration - Launching applicaton
17:03:22.203 [TestNG-test=Test-3] FATAL testCases.TC_003_LoginDDT - Loging failed..
17:03:22.343 [TestNG-test=Test-1] INFO  testCases.TC_001_AccountRegistration - Clicking on MyInfo-->Registration link
17:03:22.370 [TestNG-test=Test-3] FATAL testCases.TC_003_LoginDDT - Loging failed..
17:03:22.404 [TestNG-test=Test-3] FATAL testCases.TC_003_LoginDDT - Loging failed..
17:03:22.407 [TestNG-test=Test-3] FATAL testCases.TC_003_LoginDDT - Loging failed..
17:03:22.436 [TestNG-test=Test-2] INFO  testCases.TC_002_Login - Home page Displayed
17:03:22.755 [TestNG-test=Test-2] INFO  testCases.TC_002_Login - Clicked on My Account
17:03:23.393 [TestNG-test=Test-2] INFO  testCases.TC_002_Login - Clicked on Login submenu
17:03:23.501 [TestNG-test=Test-1] INFO  testCases.TC_001_AccountRegistration - Providing customer details
17:03:23.561 [TestNG-test=Test-2] INFO  testCases.TC_002_Login - Provided email
17:03:23.638 [TestNG-test=Test-1] INFO  testCases.TC_001_AccountRegistration - Provided firstname
17:03:23.732 [TestNG-test=Test-2] INFO  testCases.TC_002_Login - Provided password
17:03:24.325 [TestNG-test=Test-1] INFO  testCases.TC_001_AccountRegistration - Provided lastname
17:03:24.970 [TestNG-test=Test-1] INFO  testCases.TC_001_AccountRegistration - Provided email
17:03:25.657 [TestNG-test=Test-1] INFO  testCases.TC_001_AccountRegistration - Provided phone no
17:03:26.192 [TestNG-test=Test-1] INFO  testCases.TC_001_AccountRegistration - Provided password
17:03:26.737 [TestNG-test=Test-2] INFO  testCases.TC_002_Login - Clicked on Login button
17:03:26.820 [TestNG-test=Test-1] INFO  testCases.TC_001_AccountRegistration - provided confirm password
17:03:27.216 [TestNG-test=Test-2] INFO  testCases.TC_002_Login - Login Success
17:03:27.487 [TestNG-test=Test-1] INFO  testCases.TC_001_AccountRegistration - clicked on policy
17:03:31.278 [TestNG-test=Test-1] INFO  testCases.TC_001_AccountRegistration - clicked on continue button
17:03:31.336 [TestNG-test=Test-1] INFO  testCases.TC_001_AccountRegistration - Validation started...
17:03:31.336 [TestNG-test=Test-1] INFO  testCases.TC_001_AccountRegistration - Registration passed ...
17:04:36.286 [TestNG-test=Test(failed)-1] INFO  testCases.TC_003_LoginDDT - Home page Displayed
17:04:36.729 [TestNG-test=Test(failed)-1] INFO  testCases.TC_003_LoginDDT - Clicked on My Account menu
17:04:37.231 [TestNG-test=Test(failed)-1] INFO  testCases.TC_003_LoginDDT - Clicked on Login submenu
17:04:37.340 [TestNG-test=Test(failed)-1] INFO  testCases.TC_003_LoginDDT - Provided email
17:04:37.431 [TestNG-test=Test(failed)-1] INFO  testCases.TC_003_LoginDDT - Provided password
17:04:37.981 [TestNG-test=Test(failed)-1] INFO  testCases.TC_003_LoginDDT - Clicked Login button
17:04:38.041 [TestNG-test=Test(failed)-1] INFO  testCases.TC_003_LoginDDT - Login success..
17:04:39.080 [TestNG-test=Test(failed)-1] INFO  testCases.TC_003_LoginDDT - Home page Displayed
17:04:39.164 [TestNG-test=Test(failed)-1] INFO  testCases.TC_003_LoginDDT - Clicked on My Account menu
17:04:39.627 [TestNG-test=Test(failed)-1] INFO  testCases.TC_003_LoginDDT - Clicked on Login submenu
17:04:39.744 [TestNG-test=Test(failed)-1] INFO  testCases.TC_003_LoginDDT - Provided email
17:04:39.826 [TestNG-test=Test(failed)-1] INFO  testCases.TC_003_LoginDDT - Provided password
17:04:40.290 [TestNG-test=Test(failed)-1] INFO  testCases.TC_003_LoginDDT - Clicked Login button
17:04:50.333 [TestNG-test=Test(failed)-1] ERROR testCases.TC_003_LoginDDT - Login failed...
17:04:50.877 [TestNG-test=Test(failed)-1] INFO  testCases.TC_003_LoginDDT - Home page Displayed
17:04:51.029 [TestNG-test=Test(failed)-1] INFO  testCases.TC_003_LoginDDT - Clicked on My Account menu
17:04:51.656 [TestNG-test=Test(failed)-1] INFO  testCases.TC_003_LoginDDT - Clicked on Login submenu
17:04:51.824 [TestNG-test=Test(failed)-1] INFO  testCases.TC_003_LoginDDT - Provided email
17:04:51.987 [TestNG-test=Test(failed)-1] INFO  testCases.TC_003_LoginDDT - Provided password
17:04:52.627 [TestNG-test=Test(failed)-1] INFO  testCases.TC_003_LoginDDT - Clicked Login button
17:05:02.649 [TestNG-test=Test(failed)-1] ERROR testCases.TC_003_LoginDDT - Login failed...
17:05:03.296 [TestNG-test=Test(failed)-1] INFO  testCases.TC_003_LoginDDT - Home page Displayed
17:05:03.444 [TestNG-test=Test(failed)-1] INFO  testCases.TC_003_LoginDDT - Clicked on My Account menu
17:05:04.023 [TestNG-test=Test(failed)-1] INFO  testCases.TC_003_LoginDDT - Clicked on Login submenu
17:05:04.200 [TestNG-test=Test(failed)-1] INFO  testCases.TC_003_LoginDDT - Provided email
17:05:04.357 [TestNG-test=Test(failed)-1] INFO  testCases.TC_003_LoginDDT - Provided password
17:05:04.987 [TestNG-test=Test(failed)-1] INFO  testCases.TC_003_LoginDDT - Clicked Login button
17:05:15.043 [TestNG-test=Test(failed)-1] ERROR testCases.TC_003_LoginDDT - Login failed...
17:06:02.256 [TestNG-test=Test-2] INFO  testCases.TC_002_Login - Starting TC_002_Login
17:06:02.359 [TestNG-test=Test-1] INFO  testCases.TC_001_AccountRegistration - Starting TC_001_AccountRegistration
17:06:02.360 [TestNG-test=Test-1] INFO  testCases.TC_001_AccountRegistration - Launching applicaton
17:06:03.825 [TestNG-test=Test-2] INFO  testCases.TC_002_Login - Home page Displayed
17:06:04.017 [TestNG-test=Test-1] INFO  testCases.TC_001_AccountRegistration - Clicking on MyInfo-->Registration link
17:06:04.690 [TestNG-test=Test-2] INFO  testCases.TC_002_Login - Clicked on My Account
17:06:05.353 [TestNG-test=Test-1] INFO  testCases.TC_001_AccountRegistration - Providing customer details
17:06:05.661 [TestNG-test=Test-1] INFO  testCases.TC_001_AccountRegistration - Provided firstname
17:06:05.803 [TestNG-test=Test-2] INFO  testCases.TC_002_Login - Clicked on Login submenu
17:06:06.989 [TestNG-test=Test-1] INFO  testCases.TC_001_AccountRegistration - Provided lastname
17:06:10.073 [TestNG-test=Test-2] INFO  testCases.TC_002_Login - Provided email
17:06:11.013 [TestNG-test=Test-1] INFO  testCases.TC_001_AccountRegistration - Provided email
17:06:11.108 [TestNG-test=Test-2] INFO  testCases.TC_002_Login - Provided password
17:06:11.151 [TestNG-test=Test-3] INFO  testCases.TC_003_LoginDDT - Home page Displayed
17:06:11.454 [TestNG-test=Test-1] INFO  testCases.TC_001_AccountRegistration - Provided phone no
17:06:11.696 [TestNG-test=Test-3] INFO  testCases.TC_003_LoginDDT - Clicked on My Account menu
17:06:11.789 [TestNG-test=Test-1] INFO  testCases.TC_001_AccountRegistration - Provided password
17:06:12.075 [TestNG-test=Test-1] INFO  testCases.TC_001_AccountRegistration - provided confirm password
17:06:12.370 [TestNG-test=Test-1] INFO  testCases.TC_001_AccountRegistration - clicked on policy
17:06:12.412 [TestNG-test=Test-2] INFO  testCases.TC_002_Login - Clicked on Login button
17:06:12.524 [TestNG-test=Test-2] INFO  testCases.TC_002_Login - Login Success
17:06:12.592 [TestNG-test=Test-3] INFO  testCases.TC_003_LoginDDT - Clicked on Login submenu
17:06:12.826 [TestNG-test=Test-3] INFO  testCases.TC_003_LoginDDT - Provided email
17:06:12.985 [TestNG-test=Test-3] INFO  testCases.TC_003_LoginDDT - Provided password
17:06:13.742 [TestNG-test=Test-3] INFO  testCases.TC_003_LoginDDT - Clicked Login button
17:06:13.828 [TestNG-test=Test-3] INFO  testCases.TC_003_LoginDDT - Login success..
17:06:14.964 [TestNG-test=Test-3] INFO  testCases.TC_003_LoginDDT - Home page Displayed
17:06:15.079 [TestNG-test=Test-3] INFO  testCases.TC_003_LoginDDT - Clicked on My Account menu
17:06:15.648 [TestNG-test=Test-1] INFO  testCases.TC_001_AccountRegistration - clicked on continue button
17:06:15.662 [TestNG-test=Test-3] INFO  testCases.TC_003_LoginDDT - Clicked on Login submenu
17:06:15.719 [TestNG-test=Test-1] INFO  testCases.TC_001_AccountRegistration - Validation started...
17:06:15.719 [TestNG-test=Test-1] INFO  testCases.TC_001_AccountRegistration - Registration passed ...
17:06:15.831 [TestNG-test=Test-3] INFO  testCases.TC_003_LoginDDT - Provided email
17:06:15.955 [TestNG-test=Test-3] INFO  testCases.TC_003_LoginDDT - Provided password
17:06:16.453 [TestNG-test=Test-3] INFO  testCases.TC_003_LoginDDT - Clicked Login button
17:06:26.497 [TestNG-test=Test-3] ERROR testCases.TC_003_LoginDDT - Login failed...
17:06:27.034 [TestNG-test=Test-3] INFO  testCases.TC_003_LoginDDT - Home page Displayed
17:06:27.128 [TestNG-test=Test-3] INFO  testCases.TC_003_LoginDDT - Clicked on My Account menu
17:06:27.619 [TestNG-test=Test-3] INFO  testCases.TC_003_LoginDDT - Clicked on Login submenu
17:06:27.732 [TestNG-test=Test-3] INFO  testCases.TC_003_LoginDDT - Provided email
17:06:27.830 [TestNG-test=Test-3] INFO  testCases.TC_003_LoginDDT - Provided password
17:06:28.318 [TestNG-test=Test-3] INFO  testCases.TC_003_LoginDDT - Clicked Login button
17:06:38.342 [TestNG-test=Test-3] ERROR testCases.TC_003_LoginDDT - Login failed...
17:06:38.897 [TestNG-test=Test-3] INFO  testCases.TC_003_LoginDDT - Home page Displayed
17:06:39.028 [TestNG-test=Test-3] INFO  testCases.TC_003_LoginDDT - Clicked on My Account menu
17:06:39.630 [TestNG-test=Test-3] INFO  testCases.TC_003_LoginDDT - Clicked on Login submenu
17:06:39.813 [TestNG-test=Test-3] INFO  testCases.TC_003_LoginDDT - Provided email
17:06:39.973 [TestNG-test=Test-3] INFO  testCases.TC_003_LoginDDT - Provided password
17:06:40.570 [TestNG-test=Test-3] INFO  testCases.TC_003_LoginDDT - Clicked Login button
17:06:50.621 [TestNG-test=Test-3] ERROR testCases.TC_003_LoginDDT - Login failed...
17:42:55.428 [TestNG-test=Test-2] INFO  testCases.TC_002_Login - Starting TC_002_Login
17:42:55.428 [TestNG-test=Test-1] INFO  testCases.TC_001_AccountRegistration - Starting TC_001_AccountRegistration
17:42:55.433 [TestNG-test=Test-1] INFO  testCases.TC_001_AccountRegistration - Launching applicaton
17:42:56.902 [TestNG-test=Test-2] INFO  testCases.TC_002_Login - Home page Displayed
17:42:57.851 [TestNG-test=Test-1] INFO  testCases.TC_001_AccountRegistration - Clicking on MyInfo-->Registration link
17:42:58.321 [TestNG-test=Test-2] INFO  testCases.TC_002_Login - Clicked on My Account
17:42:59.509 [TestNG-test=Test-1] INFO  testCases.TC_001_AccountRegistration - Providing customer details
17:42:59.573 [TestNG-test=Test-2] INFO  testCases.TC_002_Login - Clicked on Login submenu
17:42:59.752 [TestNG-test=Test-1] INFO  testCases.TC_001_AccountRegistration - Provided firstname
17:42:59.788 [TestNG-test=Test-2] INFO  testCases.TC_002_Login - Provided email
17:43:00.158 [TestNG-test=Test-1] INFO  testCases.TC_001_AccountRegistration - Provided lastname
17:43:00.160 [TestNG-test=Test-2] INFO  testCases.TC_002_Login - Provided password
17:43:00.445 [TestNG-test=Test-1] INFO  testCases.TC_001_AccountRegistration - Provided email
17:43:00.620 [TestNG-test=Test-1] INFO  testCases.TC_001_AccountRegistration - Provided phone no
17:43:00.632 [TestNG-test=Test-3] INFO  testCases.TC_003_LoginDDT - Home page Displayed
17:43:00.807 [TestNG-test=Test-1] INFO  testCases.TC_001_AccountRegistration - Provided password
17:43:01.066 [TestNG-test=Test-2] INFO  testCases.TC_002_Login - Clicked on Login button
17:43:01.134 [TestNG-test=Test-1] INFO  testCases.TC_001_AccountRegistration - provided confirm password
17:43:01.187 [TestNG-test=Test-2] INFO  testCases.TC_002_Login - Login Success
17:43:01.282 [TestNG-test=Test-3] INFO  testCases.TC_003_LoginDDT - Clicked on My Account menu
17:43:01.375 [TestNG-test=Test-1] INFO  testCases.TC_001_AccountRegistration - clicked on policy
17:43:02.119 [TestNG-test=Test-3] INFO  testCases.TC_003_LoginDDT - Clicked on Login submenu
17:43:02.319 [TestNG-test=Test-3] INFO  testCases.TC_003_LoginDDT - Provided email
17:43:02.453 [TestNG-test=Test-3] INFO  testCases.TC_003_LoginDDT - Provided password
17:43:03.020 [TestNG-test=Test-3] INFO  testCases.TC_003_LoginDDT - Clicked Login button
17:43:03.106 [TestNG-test=Test-3] INFO  testCases.TC_003_LoginDDT - Login success..
17:43:04.204 [TestNG-test=Test-3] INFO  testCases.TC_003_LoginDDT - Home page Displayed
17:43:04.330 [TestNG-test=Test-3] INFO  testCases.TC_003_LoginDDT - Clicked on My Account menu
17:43:04.373 [TestNG-test=Test-1] INFO  testCases.TC_001_AccountRegistration - clicked on continue button
17:43:04.440 [TestNG-test=Test-1] INFO  testCases.TC_001_AccountRegistration - Validation started...
17:43:04.441 [TestNG-test=Test-1] INFO  testCases.TC_001_AccountRegistration - Registration passed ...
17:43:04.963 [TestNG-test=Test-3] INFO  testCases.TC_003_LoginDDT - Clicked on Login submenu
17:43:05.125 [TestNG-test=Test-3] INFO  testCases.TC_003_LoginDDT - Provided email
17:43:05.225 [TestNG-test=Test-3] INFO  testCases.TC_003_LoginDDT - Provided password
17:43:05.643 [TestNG-test=Test-3] INFO  testCases.TC_003_LoginDDT - Clicked Login button
17:43:15.704 [TestNG-test=Test-3] ERROR testCases.TC_003_LoginDDT - Login failed...
17:43:15.965 [TestNG-test=Test-3] INFO  testCases.TC_003_LoginDDT - Home page Displayed
17:43:16.039 [TestNG-test=Test-3] INFO  testCases.TC_003_LoginDDT - Clicked on My Account menu
17:43:16.332 [TestNG-test=Test-3] INFO  testCases.TC_003_LoginDDT - Clicked on Login submenu
17:43:16.415 [TestNG-test=Test-3] INFO  testCases.TC_003_LoginDDT - Provided email
17:43:16.488 [TestNG-test=Test-3] INFO  testCases.TC_003_LoginDDT - Provided password
17:43:16.786 [TestNG-test=Test-3] INFO  testCases.TC_003_LoginDDT - Clicked Login button
17:43:26.850 [TestNG-test=Test-3] ERROR testCases.TC_003_LoginDDT - Login failed...
17:43:27.047 [TestNG-test=Test-3] INFO  testCases.TC_003_LoginDDT - Home page Displayed
17:43:27.099 [TestNG-test=Test-3] INFO  testCases.TC_003_LoginDDT - Clicked on My Account menu
17:43:27.303 [TestNG-test=Test-3] INFO  testCases.TC_003_LoginDDT - Clicked on Login submenu
17:43:27.359 [TestNG-test=Test-3] INFO  testCases.TC_003_LoginDDT - Provided email
17:43:27.411 [TestNG-test=Test-3] INFO  testCases.TC_003_LoginDDT - Provided password
17:43:27.660 [TestNG-test=Test-3] INFO  testCases.TC_003_LoginDDT - Clicked Login button
17:43:37.701 [TestNG-test=Test-3] ERROR testCases.TC_003_LoginDDT - Login failed...
20:57:45.607 [TestNG-test=Test-1] INFO  testCases.TC_001_AccountRegistration - Starting TC_001_AccountRegistration
20:57:45.608 [TestNG-test=Test-2] INFO  testCases.TC_002_Login - Starting TC_002_Login
20:57:45.619 [TestNG-test=Test-1] INFO  testCases.TC_001_AccountRegistration - Launching applicaton
20:57:46.931 [TestNG-test=Test-2] INFO  testCases.TC_002_Login - Home page Displayed
20:57:47.062 [TestNG-test=Test-1] INFO  testCases.TC_001_AccountRegistration - Clicking on MyInfo-->Registration link
20:57:47.386 [TestNG-test=Test-2] INFO  testCases.TC_002_Login - Clicked on My Account
20:57:47.896 [TestNG-test=Test-2] INFO  testCases.TC_002_Login - Clicked on Login submenu
20:57:48.005 [TestNG-test=Test-1] INFO  testCases.TC_001_AccountRegistration - Providing customer details
20:57:48.080 [TestNG-test=Test-2] INFO  testCases.TC_002_Login - Provided email
20:57:48.193 [TestNG-test=Test-1] INFO  testCases.TC_001_AccountRegistration - Provided firstname
20:57:48.203 [TestNG-test=Test-2] INFO  testCases.TC_002_Login - Provided password
20:57:48.401 [TestNG-test=Test-1] INFO  testCases.TC_001_AccountRegistration - Provided lastname
20:57:48.405 [TestNG-test=Test-3] INFO  testCases.TC_003_LoginDDT - Home page Displayed
20:57:48.672 [TestNG-test=Test-1] INFO  testCases.TC_001_AccountRegistration - Provided email
20:57:48.797 [TestNG-test=Test-3] INFO  testCases.TC_003_LoginDDT - Clicked on My Account menu
20:57:48.799 [TestNG-test=Test-2] INFO  testCases.TC_002_Login - Clicked on Login button
20:57:48.900 [TestNG-test=Test-2] INFO  testCases.TC_002_Login - Login Success
20:57:48.901 [TestNG-test=Test-1] INFO  testCases.TC_001_AccountRegistration - Provided phone no
20:57:49.112 [TestNG-test=Test-1] INFO  testCases.TC_001_AccountRegistration - Provided password
20:57:49.202 [TestNG-test=Test-1] INFO  testCases.TC_001_AccountRegistration - provided confirm password
20:57:49.268 [TestNG-test=Test-3] INFO  testCases.TC_003_LoginDDT - Clicked on Login submenu
20:57:49.311 [TestNG-test=Test-1] INFO  testCases.TC_001_AccountRegistration - clicked on policy
20:57:49.429 [TestNG-test=Test-3] INFO  testCases.TC_003_LoginDDT - Provided email
20:57:49.499 [TestNG-test=Test-3] INFO  testCases.TC_003_LoginDDT - Provided password
20:57:49.830 [TestNG-test=Test-3] INFO  testCases.TC_003_LoginDDT - Clicked Login button
20:57:49.867 [TestNG-test=Test-3] INFO  testCases.TC_003_LoginDDT - Login success..
20:57:50.328 [TestNG-test=Test-3] INFO  testCases.TC_003_LoginDDT - Home page Displayed
20:57:50.395 [TestNG-test=Test-3] INFO  testCases.TC_003_LoginDDT - Clicked on My Account menu
20:57:50.624 [TestNG-test=Test-3] INFO  testCases.TC_003_LoginDDT - Clicked on Login submenu
20:57:50.702 [TestNG-test=Test-3] INFO  testCases.TC_003_LoginDDT - Provided email
20:57:50.762 [TestNG-test=Test-3] INFO  testCases.TC_003_LoginDDT - Provided password
20:57:50.969 [TestNG-test=Test-3] INFO  testCases.TC_003_LoginDDT - Clicked Login button
20:57:52.023 [TestNG-test=Test-1] INFO  testCases.TC_001_AccountRegistration - clicked on continue button
20:57:52.066 [TestNG-test=Test-1] INFO  testCases.TC_001_AccountRegistration - Validation started...
20:57:52.066 [TestNG-test=Test-1] INFO  testCases.TC_001_AccountRegistration - Registration passed ...
20:58:00.990 [TestNG-test=Test-3] ERROR testCases.TC_003_LoginDDT - Login failed...
20:58:01.164 [TestNG-test=Test-3] INFO  testCases.TC_003_LoginDDT - Home page Displayed
20:58:01.215 [TestNG-test=Test-3] INFO  testCases.TC_003_LoginDDT - Clicked on My Account menu
20:58:01.394 [TestNG-test=Test-3] INFO  testCases.TC_003_LoginDDT - Clicked on Login submenu
20:58:01.448 [TestNG-test=Test-3] INFO  testCases.TC_003_LoginDDT - Provided email
20:58:01.497 [TestNG-test=Test-3] INFO  testCases.TC_003_LoginDDT - Provided password
20:58:01.700 [TestNG-test=Test-3] INFO  testCases.TC_003_LoginDDT - Clicked Login button
20:58:11.714 [TestNG-test=Test-3] ERROR testCases.TC_003_LoginDDT - Login failed...
20:58:11.954 [TestNG-test=Test-3] INFO  testCases.TC_003_LoginDDT - Home page Displayed
20:58:12.012 [TestNG-test=Test-3] INFO  testCases.TC_003_LoginDDT - Clicked on My Account menu
20:58:12.197 [TestNG-test=Test-3] INFO  testCases.TC_003_LoginDDT - Clicked on Login submenu
20:58:12.253 [TestNG-test=Test-3] INFO  testCases.TC_003_LoginDDT - Provided email
20:58:12.294 [TestNG-test=Test-3] INFO  testCases.TC_003_LoginDDT - Provided password
20:58:12.498 [TestNG-test=Test-3] INFO  testCases.TC_003_LoginDDT - Clicked Login button
20:58:22.530 [TestNG-test=Test-3] ERROR testCases.TC_003_LoginDDT - Login failed...
20:59:08.551 [TestNG-test=Test-2] INFO  testCases.TC_002_Login - Starting TC_002_Login
20:59:08.617 [TestNG-test=Test-1] INFO  testCases.TC_001_AccountRegistration - Starting TC_001_AccountRegistration
20:59:08.617 [TestNG-test=Test-1] INFO  testCases.TC_001_AccountRegistration - Launching applicaton
20:59:10.160 [TestNG-test=Test-2] INFO  testCases.TC_002_Login - Home page Displayed
20:59:10.296 [TestNG-test=Test-1] INFO  testCases.TC_001_AccountRegistration - Clicking on MyInfo-->Registration link
20:59:10.480 [TestNG-test=Test-2] INFO  testCases.TC_002_Login - Clicked on My Account
20:59:10.624 [TestNG-test=Test-3] INFO  testCases.TC_003_LoginDDT - Home page Displayed
20:59:10.989 [TestNG-test=Test-3] INFO  testCases.TC_003_LoginDDT - Clicked on My Account menu
20:59:10.991 [TestNG-test=Test-1] INFO  testCases.TC_001_AccountRegistration - Providing customer details
20:59:11.000 [TestNG-test=Test-2] INFO  testCases.TC_002_Login - Clicked on Login submenu
20:59:11.154 [TestNG-test=Test-1] INFO  testCases.TC_001_AccountRegistration - Provided firstname
20:59:11.162 [TestNG-test=Test-2] INFO  testCases.TC_002_Login - Provided email
20:59:11.261 [TestNG-test=Test-1] INFO  testCases.TC_001_AccountRegistration - Provided lastname
20:59:11.269 [TestNG-test=Test-2] INFO  testCases.TC_002_Login - Provided password
20:59:11.372 [TestNG-test=Test-1] INFO  testCases.TC_001_AccountRegistration - Provided email
20:59:11.454 [TestNG-test=Test-3] INFO  testCases.TC_003_LoginDDT - Clicked on Login submenu
20:59:11.499 [TestNG-test=Test-1] INFO  testCases.TC_001_AccountRegistration - Provided phone no
20:59:11.592 [TestNG-test=Test-3] INFO  testCases.TC_003_LoginDDT - Provided email
20:59:11.603 [TestNG-test=Test-1] INFO  testCases.TC_001_AccountRegistration - Provided password
20:59:11.726 [TestNG-test=Test-2] INFO  testCases.TC_002_Login - Clicked on Login button
20:59:11.734 [TestNG-test=Test-1] INFO  testCases.TC_001_AccountRegistration - provided confirm password
20:59:11.744 [TestNG-test=Test-3] INFO  testCases.TC_003_LoginDDT - Provided password
20:59:11.789 [TestNG-test=Test-2] INFO  testCases.TC_002_Login - Login Success
20:59:11.810 [TestNG-test=Test-1] INFO  testCases.TC_001_AccountRegistration - clicked on policy
20:59:12.173 [TestNG-test=Test-3] INFO  testCases.TC_003_LoginDDT - Clicked Login button
20:59:12.219 [TestNG-test=Test-3] INFO  testCases.TC_003_LoginDDT - Login success..
20:59:12.767 [TestNG-test=Test-3] INFO  testCases.TC_003_LoginDDT - Home page Displayed
20:59:12.831 [TestNG-test=Test-3] INFO  testCases.TC_003_LoginDDT - Clicked on My Account menu
20:59:13.068 [TestNG-test=Test-3] INFO  testCases.TC_003_LoginDDT - Clicked on Login submenu
20:59:13.142 [TestNG-test=Test-3] INFO  testCases.TC_003_LoginDDT - Provided email
20:59:13.194 [TestNG-test=Test-3] INFO  testCases.TC_003_LoginDDT - Provided password
20:59:13.413 [TestNG-test=Test-3] INFO  testCases.TC_003_LoginDDT - Clicked Login button
20:59:14.529 [TestNG-test=Test-1] INFO  testCases.TC_001_AccountRegistration - clicked on continue button
20:59:14.568 [TestNG-test=Test-1] INFO  testCases.TC_001_AccountRegistration - Validation started...
20:59:14.568 [TestNG-test=Test-1] INFO  testCases.TC_001_AccountRegistration - Registration passed ...
20:59:23.424 [TestNG-test=Test-3] ERROR testCases.TC_003_LoginDDT - Login failed...
20:59:23.614 [TestNG-test=Test-3] INFO  testCases.TC_003_LoginDDT - Home page Displayed
20:59:23.663 [TestNG-test=Test-3] INFO  testCases.TC_003_LoginDDT - Clicked on My Account menu
20:59:23.876 [TestNG-test=Test-3] INFO  testCases.TC_003_LoginDDT - Clicked on Login submenu
20:59:23.934 [TestNG-test=Test-3] INFO  testCases.TC_003_LoginDDT - Provided email
20:59:23.977 [TestNG-test=Test-3] INFO  testCases.TC_003_LoginDDT - Provided password
20:59:24.177 [TestNG-test=Test-3] INFO  testCases.TC_003_LoginDDT - Clicked Login button
20:59:34.228 [TestNG-test=Test-3] ERROR testCases.TC_003_LoginDDT - Login failed...
20:59:34.460 [TestNG-test=Test-3] INFO  testCases.TC_003_LoginDDT - Home page Displayed
20:59:34.500 [TestNG-test=Test-3] INFO  testCases.TC_003_LoginDDT - Clicked on My Account menu
20:59:34.683 [TestNG-test=Test-3] INFO  testCases.TC_003_LoginDDT - Clicked on Login submenu
20:59:34.742 [TestNG-test=Test-3] INFO  testCases.TC_003_LoginDDT - Provided email
20:59:34.784 [TestNG-test=Test-3] INFO  testCases.TC_003_LoginDDT - Provided password
20:59:34.996 [TestNG-test=Test-3] INFO  testCases.TC_003_LoginDDT - Clicked Login button
20:59:45.067 [TestNG-test=Test-3] ERROR testCases.TC_003_LoginDDT - Login failed...
21:00:31.091 [TestNG-test=Test-2] INFO  testCases.TC_002_Login - Starting TC_002_Login
21:00:31.091 [TestNG-test=Test-1] INFO  testCases.TC_001_AccountRegistration - Starting TC_001_AccountRegistration
21:00:31.098 [TestNG-test=Test-1] INFO  testCases.TC_001_AccountRegistration - Launching applicaton
21:00:31.874 [TestNG-test=Test-2] INFO  testCases.TC_002_Login - Home page Displayed
21:00:32.320 [TestNG-test=Test-2] INFO  testCases.TC_002_Login - Clicked on My Account
21:00:32.334 [TestNG-test=Test-1] INFO  testCases.TC_001_AccountRegistration - Clicking on MyInfo-->Registration link
21:00:32.848 [TestNG-test=Test-2] INFO  testCases.TC_002_Login - Clicked on Login submenu
21:00:33.085 [TestNG-test=Test-2] INFO  testCases.TC_002_Login - Provided email
21:00:33.175 [TestNG-test=Test-1] INFO  testCases.TC_001_AccountRegistration - Providing customer details
21:00:33.271 [TestNG-test=Test-2] INFO  testCases.TC_002_Login - Provided password
21:00:33.343 [TestNG-test=Test-1] INFO  testCases.TC_001_AccountRegistration - Provided firstname
21:00:33.469 [TestNG-test=Test-1] INFO  testCases.TC_001_AccountRegistration - Provided lastname
21:00:33.579 [TestNG-test=Test-1] INFO  testCases.TC_001_AccountRegistration - Provided email
21:00:33.686 [TestNG-test=Test-1] INFO  testCases.TC_001_AccountRegistration - Provided phone no
21:00:33.729 [TestNG-test=Test-2] INFO  testCases.TC_002_Login - Clicked on Login button
21:00:33.791 [TestNG-test=Test-2] INFO  testCases.TC_002_Login - Login Success
21:00:33.796 [TestNG-test=Test-1] INFO  testCases.TC_001_AccountRegistration - Provided password
21:00:33.902 [TestNG-test=Test-1] INFO  testCases.TC_001_AccountRegistration - provided confirm password
21:00:33.982 [TestNG-test=Test-1] INFO  testCases.TC_001_AccountRegistration - clicked on policy
21:00:34.213 [TestNG-test=Test-3] INFO  testCases.TC_003_LoginDDT - Home page Displayed
21:00:34.477 [TestNG-test=Test-3] INFO  testCases.TC_003_LoginDDT - Clicked on My Account menu
21:00:34.763 [TestNG-test=Test-3] INFO  testCases.TC_003_LoginDDT - Clicked on Login submenu
21:00:34.847 [TestNG-test=Test-3] INFO  testCases.TC_003_LoginDDT - Provided email
21:00:34.924 [TestNG-test=Test-3] INFO  testCases.TC_003_LoginDDT - Provided password
21:00:35.195 [TestNG-test=Test-3] INFO  testCases.TC_003_LoginDDT - Clicked Login button
21:00:35.230 [TestNG-test=Test-3] INFO  testCases.TC_003_LoginDDT - Login success..
21:00:35.742 [TestNG-test=Test-3] INFO  testCases.TC_003_LoginDDT - Home page Displayed
21:00:35.798 [TestNG-test=Test-3] INFO  testCases.TC_003_LoginDDT - Clicked on My Account menu
21:00:36.054 [TestNG-test=Test-3] INFO  testCases.TC_003_LoginDDT - Clicked on Login submenu
21:00:36.132 [TestNG-test=Test-3] INFO  testCases.TC_003_LoginDDT - Provided email
21:00:36.191 [TestNG-test=Test-3] INFO  testCases.TC_003_LoginDDT - Provided password
21:00:36.429 [TestNG-test=Test-3] INFO  testCases.TC_003_LoginDDT - Clicked Login button
21:00:36.907 [TestNG-test=Test-1] INFO  testCases.TC_001_AccountRegistration - clicked on continue button
21:00:36.943 [TestNG-test=Test-1] INFO  testCases.TC_001_AccountRegistration - Validation started...
21:00:36.943 [TestNG-test=Test-1] INFO  testCases.TC_001_AccountRegistration - Registration passed ...
21:00:46.496 [TestNG-test=Test-3] ERROR testCases.TC_003_LoginDDT - Login failed...
21:00:46.707 [TestNG-test=Test-3] INFO  testCases.TC_003_LoginDDT - Home page Displayed
21:00:46.766 [TestNG-test=Test-3] INFO  testCases.TC_003_LoginDDT - Clicked on My Account menu
21:00:47.013 [TestNG-test=Test-3] INFO  testCases.TC_003_LoginDDT - Clicked on Login submenu
21:00:47.078 [TestNG-test=Test-3] INFO  testCases.TC_003_LoginDDT - Provided email
21:00:47.127 [TestNG-test=Test-3] INFO  testCases.TC_003_LoginDDT - Provided password
21:00:47.351 [TestNG-test=Test-3] INFO  testCases.TC_003_LoginDDT - Clicked Login button
21:00:57.373 [TestNG-test=Test-3] ERROR testCases.TC_003_LoginDDT - Login failed...
21:00:57.588 [TestNG-test=Test-3] INFO  testCases.TC_003_LoginDDT - Home page Displayed
21:00:57.643 [TestNG-test=Test-3] INFO  testCases.TC_003_LoginDDT - Clicked on My Account menu
21:00:57.850 [TestNG-test=Test-3] INFO  testCases.TC_003_LoginDDT - Clicked on Login submenu
21:00:57.913 [TestNG-test=Test-3] INFO  testCases.TC_003_LoginDDT - Provided email
21:00:57.960 [TestNG-test=Test-3] INFO  testCases.TC_003_LoginDDT - Provided password
21:00:58.158 [TestNG-test=Test-3] INFO  testCases.TC_003_LoginDDT - Clicked Login button
21:01:08.175 [TestNG-test=Test-3] ERROR testCases.TC_003_LoginDDT - Login failed...
21:14:53.215 [TestNG-test=Test-1] INFO  testCases.TC_001_AccountRegistration - Starting TC_001_AccountRegistration
21:14:53.215 [TestNG-test=Test-2] INFO  testCases.TC_002_Login - Starting TC_002_Login
21:14:53.221 [TestNG-test=Test-1] INFO  testCases.TC_001_AccountRegistration - Launching applicaton
21:14:55.164 [TestNG-test=Test-2] INFO  testCases.TC_002_Login - Home page Displayed
21:14:55.452 [TestNG-test=Test-2] INFO  testCases.TC_002_Login - Clicked on My Account
21:14:55.452 [TestNG-test=Test-1] INFO  testCases.TC_001_AccountRegistration - Clicking on MyInfo-->Registration link
21:14:55.538 [TestNG-test=Test-3] INFO  testCases.TC_003_LoginDDT - Home page Displayed
21:14:55.852 [TestNG-test=Test-3] INFO  testCases.TC_003_LoginDDT - Clicked on My Account menu
21:14:55.912 [TestNG-test=Test-2] INFO  testCases.TC_002_Login - Clicked on Login submenu
21:14:56.097 [TestNG-test=Test-2] INFO  testCases.TC_002_Login - Provided email
21:14:56.199 [TestNG-test=Test-1] INFO  testCases.TC_001_AccountRegistration - Providing customer details
21:14:56.202 [TestNG-test=Test-2] INFO  testCases.TC_002_Login - Provided password
21:14:56.330 [TestNG-test=Test-1] INFO  testCases.TC_001_AccountRegistration - Provided firstname
21:14:56.343 [TestNG-test=Test-3] INFO  testCases.TC_003_LoginDDT - Clicked on Login submenu
21:14:56.443 [TestNG-test=Test-1] INFO  testCases.TC_001_AccountRegistration - Provided lastname
21:14:56.483 [TestNG-test=Test-3] INFO  testCases.TC_003_LoginDDT - Provided email
21:14:56.563 [TestNG-test=Test-1] INFO  testCases.TC_001_AccountRegistration - Provided email
21:14:56.593 [TestNG-test=Test-3] INFO  testCases.TC_003_LoginDDT - Provided password
